{
"/Users/jerryorta-dev/Dev/UIUXEngineering/node-typescript-seed/samples/design_patterns_in_typescript/main.js":{"path":"/Users/jerryorta-dev/Dev/UIUXEngineering/node-typescript-seed/samples/design_patterns_in_typescript/main.js","s":{"1":0,"2":0,"3":0,"4":1,"5":0,"6":0,"7":0,"8":0,"9":0,"10":1,"11":0,"12":0,"13":0,"14":0,"15":0,"16":0,"17":0,"18":0,"19":0,"20":0,"21":0,"22":0,"23":0,"24":0,"25":0,"26":0,"27":0,"28":0,"29":0,"30":0,"31":0,"32":0,"33":0,"34":0,"35":0,"36":0,"37":0,"38":0,"39":0,"40":0,"41":0,"42":0,"43":0,"44":0,"45":0,"46":0,"47":0,"48":0,"49":0,"50":0,"51":0,"52":0,"53":0,"54":0,"55":0,"56":0,"57":0,"58":0,"59":0,"60":0,"61":0,"62":0,"63":0,"64":1,"65":0,"66":0},"b":{"1":[0,0,0,0,0,0,0,0,0,0,0,0,0,0,0,0,0,0,0,0,0,0,0,0],"2":[0,0]},"f":{"1":0,"2":0,"3":0,"4":0,"5":0},"fnMap":{"1":{"name":"(anonymous_1)","line":3,"loc":{"start":{"line":3,"column":1},"end":{"line":3,"column":21}}},"2":{"name":"printMenu","line":4,"loc":{"start":{"line":4,"column":4},"end":{"line":4,"column":25}}},"3":{"name":"menu","line":36,"loc":{"start":{"line":36,"column":4},"end":{"line":36,"column":20}}},"4":{"name":"(anonymous_4)","line":42,"loc":{"start":{"line":42,"column":65},"end":{"line":42,"column":83}}},"5":{"name":"show","line":119,"loc":{"start":{"line":119,"column":4},"end":{"line":119,"column":27}}}},"statementMap":{"1":{"start":{"line":1,"column":0},"end":{"line":1,"column":35}},"2":{"start":{"line":2,"column":0},"end":{"line":2,"column":13}},"3":{"start":{"line":3,"column":0},"end":{"line":122,"column":32}},"4":{"start":{"line":4,"column":4},"end":{"line":35,"column":5}},"5":{"start":{"line":5,"column":8},"end":{"line":30,"column":30}},"6":{"start":{"line":31,"column":8},"end":{"line":31,"column":28}},"7":{"start":{"line":32,"column":8},"end":{"line":32,"column":67}},"8":{"start":{"line":33,"column":8},"end":{"line":33,"column":26}},"9":{"start":{"line":34,"column":8},"end":{"line":34,"column":26}},"10":{"start":{"line":36,"column":4},"end":{"line":117,"column":5}},"11":{"start":{"line":37,"column":8},"end":{"line":40,"column":11}},"12":{"start":{"line":41,"column":8},"end":{"line":41,"column":20}},"13":{"start":{"line":42,"column":8},"end":{"line":116,"column":11}},"14":{"start":{"line":43,"column":12},"end":{"line":114,"column":13}},"15":{"start":{"line":45,"column":20},"end":{"line":45,"column":43}},"16":{"start":{"line":46,"column":20},"end":{"line":46,"column":26}},"17":{"start":{"line":48,"column":20},"end":{"line":48,"column":49}},"18":{"start":{"line":49,"column":20},"end":{"line":49,"column":26}},"19":{"start":{"line":51,"column":20},"end":{"line":51,"column":47}},"20":{"start":{"line":52,"column":20},"end":{"line":52,"column":26}},"21":{"start":{"line":54,"column":20},"end":{"line":54,"column":41}},"22":{"start":{"line":55,"column":20},"end":{"line":55,"column":26}},"23":{"start":{"line":57,"column":20},"end":{"line":57,"column":43}},"24":{"start":{"line":58,"column":20},"end":{"line":58,"column":26}},"25":{"start":{"line":60,"column":20},"end":{"line":60,"column":41}},"26":{"start":{"line":61,"column":20},"end":{"line":61,"column":26}},"27":{"start":{"line":63,"column":20},"end":{"line":63,"column":40}},"28":{"start":{"line":64,"column":20},"end":{"line":64,"column":26}},"29":{"start":{"line":66,"column":20},"end":{"line":66,"column":43}},"30":{"start":{"line":67,"column":20},"end":{"line":67,"column":26}},"31":{"start":{"line":69,"column":20},"end":{"line":69,"column":43}},"32":{"start":{"line":70,"column":20},"end":{"line":70,"column":26}},"33":{"start":{"line":72,"column":20},"end":{"line":72,"column":40}},"34":{"start":{"line":73,"column":20},"end":{"line":73,"column":26}},"35":{"start":{"line":75,"column":20},"end":{"line":75,"column":43}},"36":{"start":{"line":76,"column":20},"end":{"line":76,"column":26}},"37":{"start":{"line":78,"column":20},"end":{"line":78,"column":39}},"38":{"start":{"line":79,"column":20},"end":{"line":79,"column":26}},"39":{"start":{"line":81,"column":20},"end":{"line":81,"column":55}},"40":{"start":{"line":82,"column":20},"end":{"line":82,"column":26}},"41":{"start":{"line":84,"column":20},"end":{"line":84,"column":41}},"42":{"start":{"line":85,"column":20},"end":{"line":85,"column":26}},"43":{"start":{"line":87,"column":20},"end":{"line":87,"column":45}},"44":{"start":{"line":88,"column":20},"end":{"line":88,"column":26}},"45":{"start":{"line":90,"column":20},"end":{"line":90,"column":42}},"46":{"start":{"line":91,"column":20},"end":{"line":91,"column":26}},"47":{"start":{"line":93,"column":20},"end":{"line":93,"column":42}},"48":{"start":{"line":94,"column":20},"end":{"line":94,"column":26}},"49":{"start":{"line":96,"column":20},"end":{"line":96,"column":41}},"50":{"start":{"line":97,"column":20},"end":{"line":97,"column":26}},"51":{"start":{"line":99,"column":20},"end":{"line":99,"column":42}},"52":{"start":{"line":100,"column":20},"end":{"line":100,"column":26}},"53":{"start":{"line":102,"column":20},"end":{"line":102,"column":39}},"54":{"start":{"line":103,"column":20},"end":{"line":103,"column":26}},"55":{"start":{"line":105,"column":20},"end":{"line":105,"column":42}},"56":{"start":{"line":106,"column":20},"end":{"line":106,"column":26}},"57":{"start":{"line":108,"column":20},"end":{"line":108,"column":48}},"58":{"start":{"line":109,"column":20},"end":{"line":109,"column":26}},"59":{"start":{"line":111,"column":20},"end":{"line":111,"column":41}},"60":{"start":{"line":112,"column":20},"end":{"line":112,"column":26}},"61":{"start":{"line":113,"column":25},"end":{"line":113,"column":31}},"62":{"start":{"line":115,"column":12},"end":{"line":115,"column":23}},"63":{"start":{"line":118,"column":4},"end":{"line":118,"column":25}},"64":{"start":{"line":119,"column":4},"end":{"line":121,"column":5}},"65":{"start":{"line":120,"column":8},"end":{"line":120,"column":28}},"66":{"start":{"line":123,"column":0},"end":{"line":123,"column":16}}},"branchMap":{"1":{"line":43,"type":"switch","locations":[{"start":{"line":44,"column":16},"end":{"line":46,"column":26}},{"start":{"line":47,"column":16},"end":{"line":49,"column":26}},{"start":{"line":50,"column":16},"end":{"line":52,"column":26}},{"start":{"line":53,"column":16},"end":{"line":55,"column":26}},{"start":{"line":56,"column":16},"end":{"line":58,"column":26}},{"start":{"line":59,"column":16},"end":{"line":61,"column":26}},{"start":{"line":62,"column":16},"end":{"line":64,"column":26}},{"start":{"line":65,"column":16},"end":{"line":67,"column":26}},{"start":{"line":68,"column":16},"end":{"line":70,"column":26}},{"start":{"line":71,"column":16},"end":{"line":73,"column":26}},{"start":{"line":74,"column":16},"end":{"line":76,"column":26}},{"start":{"line":77,"column":16},"end":{"line":79,"column":26}},{"start":{"line":80,"column":16},"end":{"line":82,"column":26}},{"start":{"line":83,"column":16},"end":{"line":85,"column":26}},{"start":{"line":86,"column":16},"end":{"line":88,"column":26}},{"start":{"line":89,"column":16},"end":{"line":91,"column":26}},{"start":{"line":92,"column":16},"end":{"line":94,"column":26}},{"start":{"line":95,"column":16},"end":{"line":97,"column":26}},{"start":{"line":98,"column":16},"end":{"line":100,"column":26}},{"start":{"line":101,"column":16},"end":{"line":103,"column":26}},{"start":{"line":104,"column":16},"end":{"line":106,"column":26}},{"start":{"line":107,"column":16},"end":{"line":109,"column":26}},{"start":{"line":110,"column":16},"end":{"line":112,"column":26}},{"start":{"line":113,"column":16},"end":{"line":113,"column":31}}]},"2":{"line":122,"type":"binary-expr","locations":[{"start":{"line":122,"column":3},"end":{"line":122,"column":11}},{"start":{"line":122,"column":16},"end":{"line":122,"column":29}}]}},"l":{"1":0,"2":0,"3":0,"4":1,"5":0,"31":0,"32":0,"33":0,"34":0,"36":1,"37":0,"41":0,"42":0,"43":0,"45":0,"46":0,"48":0,"49":0,"51":0,"52":0,"54":0,"55":0,"57":0,"58":0,"60":0,"61":0,"63":0,"64":0,"66":0,"67":0,"69":0,"70":0,"72":0,"73":0,"75":0,"76":0,"78":0,"79":0,"81":0,"82":0,"84":0,"85":0,"87":0,"88":0,"90":0,"91":0,"93":0,"94":0,"96":0,"97":0,"99":0,"100":0,"102":0,"103":0,"105":0,"106":0,"108":0,"109":0,"111":0,"112":0,"113":0,"115":0,"118":0,"119":1,"120":0,"123":0}},
"/Users/jerryorta-dev/Dev/UIUXEngineering/node-typescript-seed/samples/design_patterns_in_typescript/abstract_factory/abstractFactory.js":{"path":"/Users/jerryorta-dev/Dev/UIUXEngineering/node-typescript-seed/samples/design_patterns_in_typescript/abstract_factory/abstractFactory.js","s":{"1":0,"2":0,"3":0,"4":1,"5":0,"6":0,"7":0,"8":0,"9":0,"10":1,"11":0,"12":0,"13":0,"14":0,"15":0,"16":1,"17":0,"18":0,"19":0,"20":0,"21":0,"22":1,"23":0,"24":0,"25":0,"26":0,"27":0,"28":1,"29":0,"30":0,"31":0,"32":0,"33":0,"34":0,"35":0,"36":1,"37":0,"38":0,"39":0,"40":0,"41":0,"42":0,"43":0,"44":1,"45":0,"46":0,"47":0,"48":0,"49":0,"50":0,"51":0},"b":{"1":[0,0]},"f":{"1":0,"2":0,"3":0,"4":0,"5":0,"6":0,"7":0,"8":0,"9":0,"10":0,"11":0,"12":0,"13":0,"14":0,"15":0,"16":0,"17":0,"18":0,"19":0,"20":0,"21":0,"22":0,"23":0,"24":0},"fnMap":{"1":{"name":"(anonymous_1)","line":2,"loc":{"start":{"line":2,"column":1},"end":{"line":2,"column":35}}},"2":{"name":"(anonymous_2)","line":3,"loc":{"start":{"line":3,"column":21},"end":{"line":3,"column":33}}},"3":{"name":"ProductA1","line":4,"loc":{"start":{"line":4,"column":8},"end":{"line":4,"column":29}}},"4":{"name":"(anonymous_4)","line":5,"loc":{"start":{"line":5,"column":27},"end":{"line":5,"column":39}}},"5":{"name":"(anonymous_5)","line":12,"loc":{"start":{"line":12,"column":21},"end":{"line":12,"column":33}}},"6":{"name":"ProductB1","line":13,"loc":{"start":{"line":13,"column":8},"end":{"line":13,"column":29}}},"7":{"name":"(anonymous_7)","line":14,"loc":{"start":{"line":14,"column":27},"end":{"line":14,"column":39}}},"8":{"name":"(anonymous_8)","line":21,"loc":{"start":{"line":21,"column":21},"end":{"line":21,"column":33}}},"9":{"name":"ProductA2","line":22,"loc":{"start":{"line":22,"column":8},"end":{"line":22,"column":29}}},"10":{"name":"(anonymous_10)","line":23,"loc":{"start":{"line":23,"column":27},"end":{"line":23,"column":39}}},"11":{"name":"(anonymous_11)","line":30,"loc":{"start":{"line":30,"column":21},"end":{"line":30,"column":33}}},"12":{"name":"ProductB2","line":31,"loc":{"start":{"line":31,"column":8},"end":{"line":31,"column":29}}},"13":{"name":"(anonymous_13)","line":32,"loc":{"start":{"line":32,"column":27},"end":{"line":32,"column":39}}},"14":{"name":"(anonymous_14)","line":39,"loc":{"start":{"line":39,"column":28},"end":{"line":39,"column":40}}},"15":{"name":"ConcreteFactory1","line":40,"loc":{"start":{"line":40,"column":8},"end":{"line":40,"column":36}}},"16":{"name":"(anonymous_16)","line":42,"loc":{"start":{"line":42,"column":52},"end":{"line":42,"column":69}}},"17":{"name":"(anonymous_17)","line":45,"loc":{"start":{"line":45,"column":52},"end":{"line":45,"column":69}}},"18":{"name":"(anonymous_18)","line":51,"loc":{"start":{"line":51,"column":28},"end":{"line":51,"column":40}}},"19":{"name":"ConcreteFactory2","line":52,"loc":{"start":{"line":52,"column":8},"end":{"line":52,"column":36}}},"20":{"name":"(anonymous_20)","line":54,"loc":{"start":{"line":54,"column":52},"end":{"line":54,"column":69}}},"21":{"name":"(anonymous_21)","line":57,"loc":{"start":{"line":57,"column":52},"end":{"line":57,"column":69}}},"22":{"name":"(anonymous_22)","line":63,"loc":{"start":{"line":63,"column":18},"end":{"line":63,"column":30}}},"23":{"name":"Tester","line":64,"loc":{"start":{"line":64,"column":8},"end":{"line":64,"column":33}}},"24":{"name":"(anonymous_24)","line":68,"loc":{"start":{"line":68,"column":32},"end":{"line":68,"column":44}}}},"statementMap":{"1":{"start":{"line":1,"column":0},"end":{"line":1,"column":27}},"2":{"start":{"line":2,"column":0},"end":{"line":75,"column":60}},"3":{"start":{"line":3,"column":4},"end":{"line":10,"column":9}},"4":{"start":{"line":4,"column":8},"end":{"line":8,"column":9}},"5":{"start":{"line":5,"column":12},"end":{"line":7,"column":14}},"6":{"start":{"line":6,"column":16},"end":{"line":6,"column":54}},"7":{"start":{"line":9,"column":8},"end":{"line":9,"column":25}},"8":{"start":{"line":11,"column":4},"end":{"line":11,"column":49}},"9":{"start":{"line":12,"column":4},"end":{"line":19,"column":9}},"10":{"start":{"line":13,"column":8},"end":{"line":17,"column":9}},"11":{"start":{"line":14,"column":12},"end":{"line":16,"column":14}},"12":{"start":{"line":15,"column":16},"end":{"line":15,"column":25}},"13":{"start":{"line":18,"column":8},"end":{"line":18,"column":25}},"14":{"start":{"line":20,"column":4},"end":{"line":20,"column":49}},"15":{"start":{"line":21,"column":4},"end":{"line":28,"column":9}},"16":{"start":{"line":22,"column":8},"end":{"line":26,"column":9}},"17":{"start":{"line":23,"column":12},"end":{"line":25,"column":14}},"18":{"start":{"line":24,"column":16},"end":{"line":24,"column":54}},"19":{"start":{"line":27,"column":8},"end":{"line":27,"column":25}},"20":{"start":{"line":29,"column":4},"end":{"line":29,"column":49}},"21":{"start":{"line":30,"column":4},"end":{"line":37,"column":9}},"22":{"start":{"line":31,"column":8},"end":{"line":35,"column":9}},"23":{"start":{"line":32,"column":12},"end":{"line":34,"column":14}},"24":{"start":{"line":33,"column":16},"end":{"line":33,"column":25}},"25":{"start":{"line":36,"column":8},"end":{"line":36,"column":25}},"26":{"start":{"line":38,"column":4},"end":{"line":38,"column":49}},"27":{"start":{"line":39,"column":4},"end":{"line":49,"column":9}},"28":{"start":{"line":40,"column":8},"end":{"line":41,"column":9}},"29":{"start":{"line":42,"column":8},"end":{"line":44,"column":10}},"30":{"start":{"line":43,"column":12},"end":{"line":43,"column":35}},"31":{"start":{"line":45,"column":8},"end":{"line":47,"column":10}},"32":{"start":{"line":46,"column":12},"end":{"line":46,"column":35}},"33":{"start":{"line":48,"column":8},"end":{"line":48,"column":32}},"34":{"start":{"line":50,"column":4},"end":{"line":50,"column":63}},"35":{"start":{"line":51,"column":4},"end":{"line":61,"column":9}},"36":{"start":{"line":52,"column":8},"end":{"line":53,"column":9}},"37":{"start":{"line":54,"column":8},"end":{"line":56,"column":10}},"38":{"start":{"line":55,"column":12},"end":{"line":55,"column":35}},"39":{"start":{"line":57,"column":8},"end":{"line":59,"column":10}},"40":{"start":{"line":58,"column":12},"end":{"line":58,"column":35}},"41":{"start":{"line":60,"column":8},"end":{"line":60,"column":32}},"42":{"start":{"line":62,"column":4},"end":{"line":62,"column":63}},"43":{"start":{"line":63,"column":4},"end":{"line":73,"column":9}},"44":{"start":{"line":64,"column":8},"end":{"line":67,"column":9}},"45":{"start":{"line":65,"column":12},"end":{"line":65,"column":61}},"46":{"start":{"line":66,"column":12},"end":{"line":66,"column":61}},"47":{"start":{"line":68,"column":8},"end":{"line":71,"column":10}},"48":{"start":{"line":69,"column":12},"end":{"line":69,"column":57}},"49":{"start":{"line":70,"column":12},"end":{"line":70,"column":57}},"50":{"start":{"line":72,"column":8},"end":{"line":72,"column":22}},"51":{"start":{"line":74,"column":4},"end":{"line":74,"column":43}}},"branchMap":{"1":{"line":75,"type":"binary-expr","locations":[{"start":{"line":75,"column":3},"end":{"line":75,"column":25}},{"start":{"line":75,"column":30},"end":{"line":75,"column":57}}]}},"l":{"1":0,"2":0,"3":0,"4":1,"5":0,"6":0,"9":0,"11":0,"12":0,"13":1,"14":0,"15":0,"18":0,"20":0,"21":0,"22":1,"23":0,"24":0,"27":0,"29":0,"30":0,"31":1,"32":0,"33":0,"36":0,"38":0,"39":0,"40":1,"42":0,"43":0,"45":0,"46":0,"48":0,"50":0,"51":0,"52":1,"54":0,"55":0,"57":0,"58":0,"60":0,"62":0,"63":0,"64":1,"65":0,"66":0,"68":0,"69":0,"70":0,"72":0,"74":0}},
"/Users/jerryorta-dev/Dev/UIUXEngineering/node-typescript-seed/samples/design_patterns_in_typescript/abstract_factory/demo.js":{"path":"/Users/jerryorta-dev/Dev/UIUXEngineering/node-typescript-seed/samples/design_patterns_in_typescript/abstract_factory/demo.js","s":{"1":0,"2":0,"3":0,"4":0,"5":1,"6":0,"7":0,"8":0,"9":0,"10":0,"11":0,"12":0},"b":{"1":[0,0],"2":[0,0]},"f":{"1":0,"2":0,"3":0},"fnMap":{"1":{"name":"(anonymous_1)","line":2,"loc":{"start":{"line":2,"column":1},"end":{"line":2,"column":35}}},"2":{"name":"(anonymous_2)","line":4,"loc":{"start":{"line":4,"column":5},"end":{"line":4,"column":21}}},"3":{"name":"show","line":5,"loc":{"start":{"line":5,"column":8},"end":{"line":5,"column":24}}}},"statementMap":{"1":{"start":{"line":1,"column":0},"end":{"line":1,"column":27}},"2":{"start":{"line":2,"column":0},"end":{"line":15,"column":60}},"3":{"start":{"line":3,"column":4},"end":{"line":3,"column":13}},"4":{"start":{"line":4,"column":4},"end":{"line":14,"column":81}},"5":{"start":{"line":5,"column":8},"end":{"line":12,"column":9}},"6":{"start":{"line":6,"column":12},"end":{"line":6,"column":73}},"7":{"start":{"line":7,"column":12},"end":{"line":7,"column":70}},"8":{"start":{"line":8,"column":12},"end":{"line":8,"column":27}},"9":{"start":{"line":9,"column":12},"end":{"line":9,"column":73}},"10":{"start":{"line":10,"column":12},"end":{"line":10,"column":70}},"11":{"start":{"line":11,"column":12},"end":{"line":11,"column":27}},"12":{"start":{"line":13,"column":8},"end":{"line":13,"column":25}}},"branchMap":{"1":{"line":14,"type":"binary-expr","locations":[{"start":{"line":14,"column":14},"end":{"line":14,"column":41}},{"start":{"line":14,"column":46},"end":{"line":14,"column":78}}]},"2":{"line":15,"type":"binary-expr","locations":[{"start":{"line":15,"column":3},"end":{"line":15,"column":25}},{"start":{"line":15,"column":30},"end":{"line":15,"column":57}}]}},"l":{"1":0,"2":0,"3":0,"4":0,"5":1,"6":0,"7":0,"8":0,"9":0,"10":0,"11":0,"13":0}},
"/Users/jerryorta-dev/Dev/UIUXEngineering/node-typescript-seed/samples/design_patterns_in_typescript/adapter/adapter.js":{"path":"/Users/jerryorta-dev/Dev/UIUXEngineering/node-typescript-seed/samples/design_patterns_in_typescript/adapter/adapter.js","s":{"1":0,"2":0,"3":0,"4":1,"5":0,"6":0,"7":0,"8":0,"9":0,"10":1,"11":0,"12":0,"13":0,"14":0,"15":0,"16":0},"b":{"1":[0,0]},"f":{"1":0,"2":0,"3":0,"4":0,"5":0,"6":0,"7":0},"fnMap":{"1":{"name":"(anonymous_1)","line":2,"loc":{"start":{"line":2,"column":1},"end":{"line":2,"column":27}}},"2":{"name":"(anonymous_2)","line":3,"loc":{"start":{"line":3,"column":19},"end":{"line":3,"column":31}}},"3":{"name":"Adaptee","line":4,"loc":{"start":{"line":4,"column":8},"end":{"line":4,"column":27}}},"4":{"name":"(anonymous_4)","line":6,"loc":{"start":{"line":6,"column":35},"end":{"line":6,"column":47}}},"5":{"name":"(anonymous_5)","line":12,"loc":{"start":{"line":12,"column":19},"end":{"line":12,"column":31}}},"6":{"name":"Adapter","line":13,"loc":{"start":{"line":13,"column":8},"end":{"line":13,"column":27}}},"7":{"name":"(anonymous_7)","line":15,"loc":{"start":{"line":15,"column":33},"end":{"line":15,"column":45}}}},"statementMap":{"1":{"start":{"line":1,"column":0},"end":{"line":1,"column":19}},"2":{"start":{"line":2,"column":0},"end":{"line":23,"column":44}},"3":{"start":{"line":3,"column":4},"end":{"line":10,"column":9}},"4":{"start":{"line":4,"column":8},"end":{"line":5,"column":9}},"5":{"start":{"line":6,"column":8},"end":{"line":8,"column":10}},"6":{"start":{"line":7,"column":12},"end":{"line":7,"column":63}},"7":{"start":{"line":9,"column":8},"end":{"line":9,"column":23}},"8":{"start":{"line":11,"column":4},"end":{"line":11,"column":37}},"9":{"start":{"line":12,"column":4},"end":{"line":21,"column":9}},"10":{"start":{"line":13,"column":8},"end":{"line":14,"column":9}},"11":{"start":{"line":15,"column":8},"end":{"line":19,"column":10}},"12":{"start":{"line":16,"column":12},"end":{"line":16,"column":68}},"13":{"start":{"line":17,"column":12},"end":{"line":17,"column":40}},"14":{"start":{"line":18,"column":12},"end":{"line":18,"column":29}},"15":{"start":{"line":20,"column":8},"end":{"line":20,"column":23}},"16":{"start":{"line":22,"column":4},"end":{"line":22,"column":37}}},"branchMap":{"1":{"line":23,"type":"binary-expr","locations":[{"start":{"line":23,"column":3},"end":{"line":23,"column":17}},{"start":{"line":23,"column":22},"end":{"line":23,"column":41}}]}},"l":{"1":0,"2":0,"3":0,"4":1,"6":0,"7":0,"9":0,"11":0,"12":0,"13":1,"15":0,"16":0,"17":0,"18":0,"20":0,"22":0}},
"/Users/jerryorta-dev/Dev/UIUXEngineering/node-typescript-seed/samples/design_patterns_in_typescript/adapter/demo.js":{"path":"/Users/jerryorta-dev/Dev/UIUXEngineering/node-typescript-seed/samples/design_patterns_in_typescript/adapter/demo.js","s":{"1":0,"2":0,"3":0,"4":0,"5":1,"6":0,"7":0,"8":0},"b":{"1":[0,0],"2":[0,0]},"f":{"1":0,"2":0,"3":0},"fnMap":{"1":{"name":"(anonymous_1)","line":2,"loc":{"start":{"line":2,"column":1},"end":{"line":2,"column":27}}},"2":{"name":"(anonymous_2)","line":4,"loc":{"start":{"line":4,"column":5},"end":{"line":4,"column":21}}},"3":{"name":"show","line":5,"loc":{"start":{"line":5,"column":8},"end":{"line":5,"column":24}}}},"statementMap":{"1":{"start":{"line":1,"column":0},"end":{"line":1,"column":19}},"2":{"start":{"line":2,"column":0},"end":{"line":11,"column":44}},"3":{"start":{"line":3,"column":4},"end":{"line":3,"column":13}},"4":{"start":{"line":4,"column":4},"end":{"line":10,"column":65}},"5":{"start":{"line":5,"column":8},"end":{"line":8,"column":9}},"6":{"start":{"line":6,"column":12},"end":{"line":6,"column":55}},"7":{"start":{"line":7,"column":12},"end":{"line":7,"column":27}},"8":{"start":{"line":9,"column":8},"end":{"line":9,"column":25}}},"branchMap":{"1":{"line":10,"type":"binary-expr","locations":[{"start":{"line":10,"column":14},"end":{"line":10,"column":33}},{"start":{"line":10,"column":38},"end":{"line":10,"column":62}}]},"2":{"line":11,"type":"binary-expr","locations":[{"start":{"line":11,"column":3},"end":{"line":11,"column":17}},{"start":{"line":11,"column":22},"end":{"line":11,"column":41}}]}},"l":{"1":0,"2":0,"3":0,"4":0,"5":1,"6":0,"7":0,"9":0}},
"/Users/jerryorta-dev/Dev/UIUXEngineering/node-typescript-seed/samples/design_patterns_in_typescript/bridge/bridge.js":{"path":"/Users/jerryorta-dev/Dev/UIUXEngineering/node-typescript-seed/samples/design_patterns_in_typescript/bridge/bridge.js","s":{"1":1,"2":2,"3":0,"4":0,"5":1,"6":2,"7":2,"8":1,"9":1,"10":1,"11":1,"12":0,"13":1,"14":0,"15":1,"16":1,"17":1,"18":1,"19":1,"20":0,"21":1,"22":0,"23":0,"24":1,"25":1,"26":1,"27":1,"28":1,"29":0,"30":1,"31":0,"32":0,"33":1,"34":1,"35":1,"36":1,"37":1,"38":0,"39":0,"40":1,"41":1,"42":1,"43":1,"44":1,"45":0,"46":0,"47":1,"48":1},"b":{"1":[1,1,1],"2":[0,0],"3":[0,2],"4":[0,0],"5":[0,0],"6":[1,1]},"f":{"1":2,"2":2,"3":1,"4":1,"5":0,"6":0,"7":1,"8":0,"9":0,"10":1,"11":0,"12":0,"13":1,"14":0,"15":0,"16":1,"17":0,"18":0},"fnMap":{"1":{"name":"(anonymous_1)","line":1,"loc":{"start":{"line":1,"column":44},"end":{"line":1,"column":60}}},"2":{"name":"__","line":3,"loc":{"start":{"line":3,"column":4},"end":{"line":3,"column":18}}},"3":{"name":"(anonymous_3)","line":7,"loc":{"start":{"line":7,"column":1},"end":{"line":7,"column":26}}},"4":{"name":"(anonymous_4)","line":8,"loc":{"start":{"line":8,"column":23},"end":{"line":8,"column":35}}},"5":{"name":"Abstraction","line":9,"loc":{"start":{"line":9,"column":8},"end":{"line":9,"column":34}}},"6":{"name":"(anonymous_6)","line":12,"loc":{"start":{"line":12,"column":39},"end":{"line":12,"column":52}}},"7":{"name":"(anonymous_7)","line":18,"loc":{"start":{"line":18,"column":31},"end":{"line":18,"column":49}}},"8":{"name":"RefinedAbstractionA","line":20,"loc":{"start":{"line":20,"column":8},"end":{"line":20,"column":42}}},"9":{"name":"(anonymous_9)","line":23,"loc":{"start":{"line":23,"column":47},"end":{"line":23,"column":60}}},"10":{"name":"(anonymous_10)","line":30,"loc":{"start":{"line":30,"column":31},"end":{"line":30,"column":49}}},"11":{"name":"RefinedAbstractionB","line":32,"loc":{"start":{"line":32,"column":8},"end":{"line":32,"column":42}}},"12":{"name":"(anonymous_12)","line":35,"loc":{"start":{"line":35,"column":47},"end":{"line":35,"column":60}}},"13":{"name":"(anonymous_13)","line":42,"loc":{"start":{"line":42,"column":32},"end":{"line":42,"column":44}}},"14":{"name":"ConcreteImplementorA","line":43,"loc":{"start":{"line":43,"column":8},"end":{"line":43,"column":40}}},"15":{"name":"(anonymous_15)","line":45,"loc":{"start":{"line":45,"column":48},"end":{"line":45,"column":61}}},"16":{"name":"(anonymous_16)","line":52,"loc":{"start":{"line":52,"column":32},"end":{"line":52,"column":44}}},"17":{"name":"ConcreteImplementorB","line":53,"loc":{"start":{"line":53,"column":8},"end":{"line":53,"column":40}}},"18":{"name":"(anonymous_18)","line":55,"loc":{"start":{"line":55,"column":48},"end":{"line":55,"column":61}}}},"statementMap":{"1":{"start":{"line":1,"column":0},"end":{"line":5,"column":2}},"2":{"start":{"line":2,"column":4},"end":{"line":2,"column":58}},"3":{"start":{"line":2,"column":21},"end":{"line":2,"column":58}},"4":{"start":{"line":2,"column":46},"end":{"line":2,"column":58}},"5":{"start":{"line":3,"column":4},"end":{"line":3,"column":43}},"6":{"start":{"line":3,"column":20},"end":{"line":3,"column":41}},"7":{"start":{"line":4,"column":4},"end":{"line":4,"column":89}},"8":{"start":{"line":6,"column":0},"end":{"line":6,"column":18}},"9":{"start":{"line":7,"column":0},"end":{"line":62,"column":42}},"10":{"start":{"line":8,"column":4},"end":{"line":16,"column":9}},"11":{"start":{"line":9,"column":8},"end":{"line":11,"column":9}},"12":{"start":{"line":10,"column":12},"end":{"line":10,"column":35}},"13":{"start":{"line":12,"column":8},"end":{"line":14,"column":10}},"14":{"start":{"line":13,"column":12},"end":{"line":13,"column":56}},"15":{"start":{"line":15,"column":8},"end":{"line":15,"column":27}},"16":{"start":{"line":17,"column":4},"end":{"line":17,"column":44}},"17":{"start":{"line":18,"column":4},"end":{"line":28,"column":20}},"18":{"start":{"line":19,"column":8},"end":{"line":19,"column":47}},"19":{"start":{"line":20,"column":8},"end":{"line":22,"column":9}},"20":{"start":{"line":21,"column":12},"end":{"line":21,"column":50}},"21":{"start":{"line":23,"column":8},"end":{"line":26,"column":10}},"22":{"start":{"line":24,"column":12},"end":{"line":24,"column":55}},"23":{"start":{"line":25,"column":12},"end":{"line":25,"column":39}},"24":{"start":{"line":27,"column":8},"end":{"line":27,"column":35}},"25":{"start":{"line":29,"column":4},"end":{"line":29,"column":60}},"26":{"start":{"line":30,"column":4},"end":{"line":40,"column":20}},"27":{"start":{"line":31,"column":8},"end":{"line":31,"column":47}},"28":{"start":{"line":32,"column":8},"end":{"line":34,"column":9}},"29":{"start":{"line":33,"column":12},"end":{"line":33,"column":50}},"30":{"start":{"line":35,"column":8},"end":{"line":38,"column":10}},"31":{"start":{"line":36,"column":12},"end":{"line":36,"column":55}},"32":{"start":{"line":37,"column":12},"end":{"line":37,"column":39}},"33":{"start":{"line":39,"column":8},"end":{"line":39,"column":35}},"34":{"start":{"line":41,"column":4},"end":{"line":41,"column":60}},"35":{"start":{"line":42,"column":4},"end":{"line":50,"column":9}},"36":{"start":{"line":43,"column":8},"end":{"line":44,"column":9}},"37":{"start":{"line":45,"column":8},"end":{"line":48,"column":10}},"38":{"start":{"line":46,"column":12},"end":{"line":46,"column":77}},"39":{"start":{"line":47,"column":12},"end":{"line":47,"column":27}},"40":{"start":{"line":49,"column":8},"end":{"line":49,"column":36}},"41":{"start":{"line":51,"column":4},"end":{"line":51,"column":62}},"42":{"start":{"line":52,"column":4},"end":{"line":60,"column":9}},"43":{"start":{"line":53,"column":8},"end":{"line":54,"column":9}},"44":{"start":{"line":55,"column":8},"end":{"line":58,"column":10}},"45":{"start":{"line":56,"column":12},"end":{"line":56,"column":77}},"46":{"start":{"line":57,"column":12},"end":{"line":57,"column":27}},"47":{"start":{"line":59,"column":8},"end":{"line":59,"column":36}},"48":{"start":{"line":61,"column":4},"end":{"line":61,"column":62}}},"branchMap":{"1":{"line":1,"type":"binary-expr","locations":[{"start":{"line":1,"column":17},"end":{"line":1,"column":21}},{"start":{"line":1,"column":25},"end":{"line":1,"column":39}},{"start":{"line":1,"column":44},"end":{"line":5,"column":1}}]},"2":{"line":2,"type":"if","locations":[{"start":{"line":2,"column":21},"end":{"line":2,"column":21}},{"start":{"line":2,"column":21},"end":{"line":2,"column":21}}]},"3":{"line":4,"type":"cond-expr","locations":[{"start":{"line":4,"column":31},"end":{"line":4,"column":47}},{"start":{"line":4,"column":51},"end":{"line":4,"column":87}}]},"4":{"line":21,"type":"binary-expr","locations":[{"start":{"line":21,"column":19},"end":{"line":21,"column":41}},{"start":{"line":21,"column":45},"end":{"line":21,"column":49}}]},"5":{"line":33,"type":"binary-expr","locations":[{"start":{"line":33,"column":19},"end":{"line":33,"column":41}},{"start":{"line":33,"column":45},"end":{"line":33,"column":49}}]},"6":{"line":62,"type":"binary-expr","locations":[{"start":{"line":62,"column":3},"end":{"line":62,"column":16}},{"start":{"line":62,"column":21},"end":{"line":62,"column":39}}]}},"l":{"1":1,"2":2,"3":2,"4":2,"6":1,"7":1,"8":1,"9":1,"10":0,"12":1,"13":0,"15":1,"17":1,"18":1,"19":1,"20":1,"21":0,"23":1,"24":0,"25":0,"27":1,"29":1,"30":1,"31":1,"32":1,"33":0,"35":1,"36":0,"37":0,"39":1,"41":1,"42":1,"43":1,"45":1,"46":0,"47":0,"49":1,"51":1,"52":1,"53":1,"55":1,"56":0,"57":0,"59":1,"61":1}},
"/Users/jerryorta-dev/Dev/UIUXEngineering/node-typescript-seed/samples/design_patterns_in_typescript/bridge/demo.js":{"path":"/Users/jerryorta-dev/Dev/UIUXEngineering/node-typescript-seed/samples/design_patterns_in_typescript/bridge/demo.js","s":{"1":0,"2":0,"3":0,"4":0,"5":1,"6":0,"7":0,"8":0,"9":0,"10":0},"b":{"1":[0,0],"2":[0,0]},"f":{"1":0,"2":0,"3":0},"fnMap":{"1":{"name":"(anonymous_1)","line":2,"loc":{"start":{"line":2,"column":1},"end":{"line":2,"column":26}}},"2":{"name":"(anonymous_2)","line":4,"loc":{"start":{"line":4,"column":5},"end":{"line":4,"column":21}}},"3":{"name":"show","line":5,"loc":{"start":{"line":5,"column":8},"end":{"line":5,"column":24}}}},"statementMap":{"1":{"start":{"line":1,"column":0},"end":{"line":1,"column":18}},"2":{"start":{"line":2,"column":0},"end":{"line":13,"column":42}},"3":{"start":{"line":3,"column":4},"end":{"line":3,"column":13}},"4":{"start":{"line":4,"column":4},"end":{"line":12,"column":63}},"5":{"start":{"line":5,"column":8},"end":{"line":10,"column":9}},"6":{"start":{"line":6,"column":12},"end":{"line":6,"column":111}},"7":{"start":{"line":7,"column":12},"end":{"line":7,"column":111}},"8":{"start":{"line":8,"column":12},"end":{"line":8,"column":48}},"9":{"start":{"line":9,"column":12},"end":{"line":9,"column":48}},"10":{"start":{"line":11,"column":8},"end":{"line":11,"column":25}}},"branchMap":{"1":{"line":12,"type":"binary-expr","locations":[{"start":{"line":12,"column":14},"end":{"line":12,"column":32}},{"start":{"line":12,"column":37},"end":{"line":12,"column":60}}]},"2":{"line":13,"type":"binary-expr","locations":[{"start":{"line":13,"column":3},"end":{"line":13,"column":16}},{"start":{"line":13,"column":21},"end":{"line":13,"column":39}}]}},"l":{"1":0,"2":0,"3":0,"4":0,"5":1,"6":0,"7":0,"8":0,"9":0,"11":0}},
"/Users/jerryorta-dev/Dev/UIUXEngineering/node-typescript-seed/samples/design_patterns_in_typescript/builder/builder.js":{"path":"/Users/jerryorta-dev/Dev/UIUXEngineering/node-typescript-seed/samples/design_patterns_in_typescript/builder/builder.js","s":{"1":0,"2":0,"3":0,"4":1,"5":0,"6":0,"7":0,"8":0,"9":0,"10":0,"11":0,"12":0,"13":0,"14":0,"15":0,"16":0,"17":0,"18":0,"19":0,"20":0,"21":0,"22":0,"23":0,"24":0,"25":0,"26":0,"27":0,"28":1,"29":0,"30":0,"31":0,"32":0,"33":0,"34":0,"35":0,"36":0,"37":0,"38":0,"39":0,"40":0,"41":0,"42":0},"b":{"1":[0,0]},"f":{"1":0,"2":0,"3":0,"4":0,"5":0,"6":0,"7":0,"8":0,"9":0,"10":0,"11":0,"12":0,"13":0,"14":0,"15":0,"16":0,"17":0},"fnMap":{"1":{"name":"(anonymous_1)","line":2,"loc":{"start":{"line":2,"column":1},"end":{"line":2,"column":27}}},"2":{"name":"(anonymous_2)","line":3,"loc":{"start":{"line":3,"column":23},"end":{"line":3,"column":35}}},"3":{"name":"UserBuilder","line":4,"loc":{"start":{"line":4,"column":8},"end":{"line":4,"column":35}}},"4":{"name":"(anonymous_4)","line":8,"loc":{"start":{"line":8,"column":17},"end":{"line":8,"column":29}}},"5":{"name":"(anonymous_5)","line":14,"loc":{"start":{"line":14,"column":39},"end":{"line":14,"column":56}}},"6":{"name":"(anonymous_6)","line":19,"loc":{"start":{"line":19,"column":17},"end":{"line":19,"column":29}}},"7":{"name":"(anonymous_7)","line":25,"loc":{"start":{"line":25,"column":41},"end":{"line":25,"column":58}}},"8":{"name":"(anonymous_8)","line":30,"loc":{"start":{"line":30,"column":17},"end":{"line":30,"column":29}}},"9":{"name":"(anonymous_9)","line":36,"loc":{"start":{"line":36,"column":43},"end":{"line":36,"column":60}}},"10":{"name":"(anonymous_10)","line":41,"loc":{"start":{"line":41,"column":17},"end":{"line":41,"column":29}}},"11":{"name":"(anonymous_11)","line":47,"loc":{"start":{"line":47,"column":38},"end":{"line":47,"column":50}}},"12":{"name":"(anonymous_12)","line":53,"loc":{"start":{"line":53,"column":16},"end":{"line":53,"column":28}}},"13":{"name":"User","line":54,"loc":{"start":{"line":54,"column":8},"end":{"line":54,"column":31}}},"14":{"name":"(anonymous_14)","line":61,"loc":{"start":{"line":61,"column":17},"end":{"line":61,"column":29}}},"15":{"name":"(anonymous_15)","line":68,"loc":{"start":{"line":68,"column":17},"end":{"line":68,"column":29}}},"16":{"name":"(anonymous_16)","line":75,"loc":{"start":{"line":75,"column":17},"end":{"line":75,"column":29}}},"17":{"name":"(anonymous_17)","line":82,"loc":{"start":{"line":82,"column":17},"end":{"line":82,"column":29}}}},"statementMap":{"1":{"start":{"line":1,"column":0},"end":{"line":1,"column":19}},"2":{"start":{"line":2,"column":0},"end":{"line":91,"column":44}},"3":{"start":{"line":3,"column":4},"end":{"line":51,"column":9}},"4":{"start":{"line":4,"column":8},"end":{"line":6,"column":9}},"5":{"start":{"line":5,"column":12},"end":{"line":5,"column":29}},"6":{"start":{"line":7,"column":8},"end":{"line":13,"column":11}},"7":{"start":{"line":9,"column":16},"end":{"line":9,"column":33}},"8":{"start":{"line":14,"column":8},"end":{"line":17,"column":10}},"9":{"start":{"line":15,"column":12},"end":{"line":15,"column":29}},"10":{"start":{"line":16,"column":12},"end":{"line":16,"column":24}},"11":{"start":{"line":18,"column":8},"end":{"line":24,"column":11}},"12":{"start":{"line":20,"column":16},"end":{"line":20,"column":32}},"13":{"start":{"line":25,"column":8},"end":{"line":28,"column":10}},"14":{"start":{"line":26,"column":12},"end":{"line":26,"column":31}},"15":{"start":{"line":27,"column":12},"end":{"line":27,"column":24}},"16":{"start":{"line":29,"column":8},"end":{"line":35,"column":11}},"17":{"start":{"line":31,"column":16},"end":{"line":31,"column":34}},"18":{"start":{"line":36,"column":8},"end":{"line":39,"column":10}},"19":{"start":{"line":37,"column":12},"end":{"line":37,"column":33}},"20":{"start":{"line":38,"column":12},"end":{"line":38,"column":24}},"21":{"start":{"line":40,"column":8},"end":{"line":46,"column":11}},"22":{"start":{"line":42,"column":16},"end":{"line":42,"column":36}},"23":{"start":{"line":47,"column":8},"end":{"line":49,"column":10}},"24":{"start":{"line":48,"column":12},"end":{"line":48,"column":34}},"25":{"start":{"line":50,"column":8},"end":{"line":50,"column":27}},"26":{"start":{"line":52,"column":4},"end":{"line":52,"column":45}},"27":{"start":{"line":53,"column":4},"end":{"line":89,"column":9}},"28":{"start":{"line":54,"column":8},"end":{"line":59,"column":9}},"29":{"start":{"line":55,"column":12},"end":{"line":55,"column":37}},"30":{"start":{"line":56,"column":12},"end":{"line":56,"column":35}},"31":{"start":{"line":57,"column":12},"end":{"line":57,"column":39}},"32":{"start":{"line":58,"column":12},"end":{"line":58,"column":43}},"33":{"start":{"line":60,"column":8},"end":{"line":66,"column":11}},"34":{"start":{"line":62,"column":16},"end":{"line":62,"column":33}},"35":{"start":{"line":67,"column":8},"end":{"line":73,"column":11}},"36":{"start":{"line":69,"column":16},"end":{"line":69,"column":32}},"37":{"start":{"line":74,"column":8},"end":{"line":80,"column":11}},"38":{"start":{"line":76,"column":16},"end":{"line":76,"column":34}},"39":{"start":{"line":81,"column":8},"end":{"line":87,"column":11}},"40":{"start":{"line":83,"column":16},"end":{"line":83,"column":36}},"41":{"start":{"line":88,"column":8},"end":{"line":88,"column":20}},"42":{"start":{"line":90,"column":4},"end":{"line":90,"column":31}}},"branchMap":{"1":{"line":91,"type":"binary-expr","locations":[{"start":{"line":91,"column":3},"end":{"line":91,"column":17}},{"start":{"line":91,"column":22},"end":{"line":91,"column":41}}]}},"l":{"1":0,"2":0,"3":0,"4":1,"5":0,"7":0,"9":0,"14":0,"15":0,"16":0,"18":0,"20":0,"25":0,"26":0,"27":0,"29":0,"31":0,"36":0,"37":0,"38":0,"40":0,"42":0,"47":0,"48":0,"50":0,"52":0,"53":0,"54":1,"55":0,"56":0,"57":0,"58":0,"60":0,"62":0,"67":0,"69":0,"74":0,"76":0,"81":0,"83":0,"88":0,"90":0}},
"/Users/jerryorta-dev/Dev/UIUXEngineering/node-typescript-seed/samples/design_patterns_in_typescript/builder/demo.js":{"path":"/Users/jerryorta-dev/Dev/UIUXEngineering/node-typescript-seed/samples/design_patterns_in_typescript/builder/demo.js","s":{"1":0,"2":0,"3":0,"4":0,"5":1,"6":0,"7":0,"8":0},"b":{"1":[0,0],"2":[0,0]},"f":{"1":0,"2":0,"3":0},"fnMap":{"1":{"name":"(anonymous_1)","line":2,"loc":{"start":{"line":2,"column":1},"end":{"line":2,"column":27}}},"2":{"name":"(anonymous_2)","line":4,"loc":{"start":{"line":4,"column":5},"end":{"line":4,"column":21}}},"3":{"name":"show","line":5,"loc":{"start":{"line":5,"column":8},"end":{"line":5,"column":24}}}},"statementMap":{"1":{"start":{"line":1,"column":0},"end":{"line":1,"column":19}},"2":{"start":{"line":2,"column":0},"end":{"line":15,"column":44}},"3":{"start":{"line":3,"column":4},"end":{"line":3,"column":13}},"4":{"start":{"line":4,"column":4},"end":{"line":14,"column":65}},"5":{"start":{"line":5,"column":8},"end":{"line":12,"column":9}},"6":{"start":{"line":6,"column":12},"end":{"line":10,"column":25}},"7":{"start":{"line":11,"column":12},"end":{"line":11,"column":80}},"8":{"start":{"line":13,"column":8},"end":{"line":13,"column":25}}},"branchMap":{"1":{"line":14,"type":"binary-expr","locations":[{"start":{"line":14,"column":14},"end":{"line":14,"column":33}},{"start":{"line":14,"column":38},"end":{"line":14,"column":62}}]},"2":{"line":15,"type":"binary-expr","locations":[{"start":{"line":15,"column":3},"end":{"line":15,"column":17}},{"start":{"line":15,"column":22},"end":{"line":15,"column":41}}]}},"l":{"1":0,"2":0,"3":0,"4":0,"5":1,"6":0,"11":0,"13":0}},
"/Users/jerryorta-dev/Dev/UIUXEngineering/node-typescript-seed/samples/design_patterns_in_typescript/chain_of_responsibility/chainOfResponsibility.js":{"path":"/Users/jerryorta-dev/Dev/UIUXEngineering/node-typescript-seed/samples/design_patterns_in_typescript/chain_of_responsibility/chainOfResponsibility.js","s":{"1":0,"2":0,"3":0,"4":0,"5":1,"6":0,"7":0,"8":0,"9":0,"10":0,"11":1,"12":0,"13":0,"14":0,"15":0,"16":0,"17":0,"18":0,"19":0,"20":0,"21":0,"22":0,"23":0,"24":0,"25":0,"26":1,"27":0,"28":0,"29":0,"30":0,"31":0,"32":0,"33":0,"34":1,"35":0,"36":0,"37":0,"38":0,"39":0,"40":0,"41":0,"42":1,"43":0,"44":0,"45":0,"46":0,"47":0},"b":{"1":[0,0,0],"2":[0,0],"3":[0,0],"4":[0,0],"5":[0,0],"6":[0,0],"7":[0,0],"8":[0,0],"9":[0,0],"10":[0,0]},"f":{"1":0,"2":0,"3":0,"4":0,"5":0,"6":0,"7":0,"8":0,"9":0,"10":0,"11":0,"12":0,"13":0,"14":0,"15":0,"16":0,"17":0},"fnMap":{"1":{"name":"(anonymous_1)","line":1,"loc":{"start":{"line":1,"column":44},"end":{"line":1,"column":60}}},"2":{"name":"__","line":3,"loc":{"start":{"line":3,"column":4},"end":{"line":3,"column":18}}},"3":{"name":"(anonymous_3)","line":7,"loc":{"start":{"line":7,"column":1},"end":{"line":7,"column":41}}},"4":{"name":"(anonymous_4)","line":8,"loc":{"start":{"line":8,"column":19},"end":{"line":8,"column":31}}},"5":{"name":"Handler","line":9,"loc":{"start":{"line":9,"column":8},"end":{"line":9,"column":30}}},"6":{"name":"(anonymous_6)","line":12,"loc":{"start":{"line":12,"column":39},"end":{"line":12,"column":58}}},"7":{"name":"(anonymous_7)","line":15,"loc":{"start":{"line":15,"column":38},"end":{"line":15,"column":58}}},"8":{"name":"(anonymous_8)","line":23,"loc":{"start":{"line":23,"column":43},"end":{"line":23,"column":58}}},"9":{"name":"(anonymous_9)","line":29,"loc":{"start":{"line":29,"column":28},"end":{"line":29,"column":46}}},"10":{"name":"ConcreteHandler1","line":31,"loc":{"start":{"line":31,"column":8},"end":{"line":31,"column":39}}},"11":{"name":"(anonymous_11)","line":34,"loc":{"start":{"line":34,"column":52},"end":{"line":34,"column":67}}},"12":{"name":"(anonymous_12)","line":40,"loc":{"start":{"line":40,"column":28},"end":{"line":40,"column":46}}},"13":{"name":"ConcreteHandler2","line":42,"loc":{"start":{"line":42,"column":8},"end":{"line":42,"column":39}}},"14":{"name":"(anonymous_14)","line":45,"loc":{"start":{"line":45,"column":52},"end":{"line":45,"column":67}}},"15":{"name":"(anonymous_15)","line":51,"loc":{"start":{"line":51,"column":28},"end":{"line":51,"column":46}}},"16":{"name":"ConcreteHandler3","line":53,"loc":{"start":{"line":53,"column":8},"end":{"line":53,"column":39}}},"17":{"name":"(anonymous_17)","line":56,"loc":{"start":{"line":56,"column":52},"end":{"line":56,"column":67}}}},"statementMap":{"1":{"start":{"line":1,"column":0},"end":{"line":5,"column":2}},"2":{"start":{"line":2,"column":4},"end":{"line":2,"column":58}},"3":{"start":{"line":2,"column":21},"end":{"line":2,"column":58}},"4":{"start":{"line":2,"column":46},"end":{"line":2,"column":58}},"5":{"start":{"line":3,"column":4},"end":{"line":3,"column":43}},"6":{"start":{"line":3,"column":20},"end":{"line":3,"column":41}},"7":{"start":{"line":4,"column":4},"end":{"line":4,"column":89}},"8":{"start":{"line":6,"column":0},"end":{"line":6,"column":33}},"9":{"start":{"line":7,"column":0},"end":{"line":62,"column":72}},"10":{"start":{"line":8,"column":4},"end":{"line":27,"column":9}},"11":{"start":{"line":9,"column":8},"end":{"line":11,"column":9}},"12":{"start":{"line":10,"column":12},"end":{"line":10,"column":27}},"13":{"start":{"line":12,"column":8},"end":{"line":14,"column":10}},"14":{"start":{"line":13,"column":12},"end":{"line":13,"column":35}},"15":{"start":{"line":15,"column":8},"end":{"line":22,"column":10}},"16":{"start":{"line":16,"column":12},"end":{"line":21,"column":13}},"17":{"start":{"line":17,"column":16},"end":{"line":17,"column":41}},"18":{"start":{"line":19,"column":17},"end":{"line":21,"column":13}},"19":{"start":{"line":20,"column":16},"end":{"line":20,"column":49}},"20":{"start":{"line":23,"column":8},"end":{"line":25,"column":10}},"21":{"start":{"line":24,"column":12},"end":{"line":24,"column":48}},"22":{"start":{"line":26,"column":8},"end":{"line":26,"column":23}},"23":{"start":{"line":28,"column":4},"end":{"line":28,"column":51}},"24":{"start":{"line":29,"column":4},"end":{"line":38,"column":16}},"25":{"start":{"line":30,"column":8},"end":{"line":30,"column":44}},"26":{"start":{"line":31,"column":8},"end":{"line":33,"column":9}},"27":{"start":{"line":32,"column":12},"end":{"line":32,"column":50}},"28":{"start":{"line":34,"column":8},"end":{"line":36,"column":10}},"29":{"start":{"line":35,"column":12},"end":{"line":35,"column":63}},"30":{"start":{"line":37,"column":8},"end":{"line":37,"column":32}},"31":{"start":{"line":39,"column":4},"end":{"line":39,"column":69}},"32":{"start":{"line":40,"column":4},"end":{"line":49,"column":16}},"33":{"start":{"line":41,"column":8},"end":{"line":41,"column":44}},"34":{"start":{"line":42,"column":8},"end":{"line":44,"column":9}},"35":{"start":{"line":43,"column":12},"end":{"line":43,"column":50}},"36":{"start":{"line":45,"column":8},"end":{"line":47,"column":10}},"37":{"start":{"line":46,"column":12},"end":{"line":46,"column":63}},"38":{"start":{"line":48,"column":8},"end":{"line":48,"column":32}},"39":{"start":{"line":50,"column":4},"end":{"line":50,"column":69}},"40":{"start":{"line":51,"column":4},"end":{"line":60,"column":16}},"41":{"start":{"line":52,"column":8},"end":{"line":52,"column":44}},"42":{"start":{"line":53,"column":8},"end":{"line":55,"column":9}},"43":{"start":{"line":54,"column":12},"end":{"line":54,"column":50}},"44":{"start":{"line":56,"column":8},"end":{"line":58,"column":10}},"45":{"start":{"line":57,"column":12},"end":{"line":57,"column":63}},"46":{"start":{"line":59,"column":8},"end":{"line":59,"column":32}},"47":{"start":{"line":61,"column":4},"end":{"line":61,"column":69}}},"branchMap":{"1":{"line":1,"type":"binary-expr","locations":[{"start":{"line":1,"column":17},"end":{"line":1,"column":21}},{"start":{"line":1,"column":25},"end":{"line":1,"column":39}},{"start":{"line":1,"column":44},"end":{"line":5,"column":1}}]},"2":{"line":2,"type":"if","locations":[{"start":{"line":2,"column":21},"end":{"line":2,"column":21}},{"start":{"line":2,"column":21},"end":{"line":2,"column":21}}]},"3":{"line":4,"type":"cond-expr","locations":[{"start":{"line":4,"column":31},"end":{"line":4,"column":47}},{"start":{"line":4,"column":51},"end":{"line":4,"column":87}}]},"4":{"line":16,"type":"if","locations":[{"start":{"line":16,"column":12},"end":{"line":16,"column":12}},{"start":{"line":16,"column":12},"end":{"line":16,"column":12}}]},"5":{"line":19,"type":"if","locations":[{"start":{"line":19,"column":17},"end":{"line":19,"column":17}},{"start":{"line":19,"column":17},"end":{"line":19,"column":17}}]},"6":{"line":19,"type":"binary-expr","locations":[{"start":{"line":19,"column":21},"end":{"line":19,"column":42}},{"start":{"line":19,"column":46},"end":{"line":19,"column":72}}]},"7":{"line":32,"type":"binary-expr","locations":[{"start":{"line":32,"column":19},"end":{"line":32,"column":41}},{"start":{"line":32,"column":45},"end":{"line":32,"column":49}}]},"8":{"line":43,"type":"binary-expr","locations":[{"start":{"line":43,"column":19},"end":{"line":43,"column":41}},{"start":{"line":43,"column":45},"end":{"line":43,"column":49}}]},"9":{"line":54,"type":"binary-expr","locations":[{"start":{"line":54,"column":19},"end":{"line":54,"column":41}},{"start":{"line":54,"column":45},"end":{"line":54,"column":49}}]},"10":{"line":62,"type":"binary-expr","locations":[{"start":{"line":62,"column":3},"end":{"line":62,"column":31}},{"start":{"line":62,"column":36},"end":{"line":62,"column":69}}]}},"l":{"1":0,"2":0,"3":1,"4":0,"6":0,"7":0,"8":0,"9":1,"10":0,"12":0,"13":0,"15":0,"16":0,"17":0,"19":0,"20":0,"23":0,"24":0,"26":0,"28":0,"29":0,"30":0,"31":1,"32":0,"34":0,"35":0,"37":0,"39":0,"40":0,"41":0,"42":1,"43":0,"45":0,"46":0,"48":0,"50":0,"51":0,"52":0,"53":1,"54":0,"56":0,"57":0,"59":0,"61":0}},
"/Users/jerryorta-dev/Dev/UIUXEngineering/node-typescript-seed/samples/design_patterns_in_typescript/chain_of_responsibility/demo.js":{"path":"/Users/jerryorta-dev/Dev/UIUXEngineering/node-typescript-seed/samples/design_patterns_in_typescript/chain_of_responsibility/demo.js","s":{"1":0,"2":0,"3":0,"4":0,"5":1,"6":0,"7":0,"8":0,"9":0,"10":0,"11":0,"12":0,"13":0,"14":0,"15":0},"b":{"1":[0,0],"2":[0,0]},"f":{"1":0,"2":0,"3":0},"fnMap":{"1":{"name":"(anonymous_1)","line":2,"loc":{"start":{"line":2,"column":1},"end":{"line":2,"column":41}}},"2":{"name":"(anonymous_2)","line":4,"loc":{"start":{"line":4,"column":5},"end":{"line":4,"column":21}}},"3":{"name":"show","line":5,"loc":{"start":{"line":5,"column":8},"end":{"line":5,"column":24}}}},"statementMap":{"1":{"start":{"line":1,"column":0},"end":{"line":1,"column":33}},"2":{"start":{"line":2,"column":0},"end":{"line":19,"column":72}},"3":{"start":{"line":3,"column":4},"end":{"line":3,"column":13}},"4":{"start":{"line":4,"column":4},"end":{"line":18,"column":93}},"5":{"start":{"line":5,"column":8},"end":{"line":16,"column":9}},"6":{"start":{"line":6,"column":12},"end":{"line":6,"column":41}},"7":{"start":{"line":7,"column":12},"end":{"line":7,"column":46}},"8":{"start":{"line":8,"column":12},"end":{"line":8,"column":70}},"9":{"start":{"line":9,"column":12},"end":{"line":9,"column":70}},"10":{"start":{"line":10,"column":12},"end":{"line":10,"column":71}},"11":{"start":{"line":11,"column":12},"end":{"line":11,"column":30}},"12":{"start":{"line":12,"column":12},"end":{"line":12,"column":30}},"13":{"start":{"line":13,"column":12},"end":{"line":15,"column":13}},"14":{"start":{"line":14,"column":16},"end":{"line":14,"column":61}},"15":{"start":{"line":17,"column":8},"end":{"line":17,"column":25}}},"branchMap":{"1":{"line":18,"type":"binary-expr","locations":[{"start":{"line":18,"column":14},"end":{"line":18,"column":47}},{"start":{"line":18,"column":52},"end":{"line":18,"column":90}}]},"2":{"line":19,"type":"binary-expr","locations":[{"start":{"line":19,"column":3},"end":{"line":19,"column":31}},{"start":{"line":19,"column":36},"end":{"line":19,"column":69}}]}},"l":{"1":0,"2":0,"3":0,"4":0,"5":1,"6":0,"7":0,"8":0,"9":0,"10":0,"11":0,"12":0,"13":0,"14":0,"17":0}},
"/Users/jerryorta-dev/Dev/UIUXEngineering/node-typescript-seed/samples/design_patterns_in_typescript/command/command.js":{"path":"/Users/jerryorta-dev/Dev/UIUXEngineering/node-typescript-seed/samples/design_patterns_in_typescript/command/command.js","s":{"1":0,"2":0,"3":0,"4":0,"5":1,"6":0,"7":0,"8":0,"9":0,"10":0,"11":1,"12":0,"13":0,"14":0,"15":0,"16":0,"17":0,"18":1,"19":0,"20":0,"21":0,"22":0,"23":0,"24":0,"25":0,"26":0,"27":0,"28":0,"29":1,"30":0,"31":0,"32":0,"33":0,"34":0,"35":0,"36":0,"37":0,"38":0,"39":1,"40":0,"41":0,"42":0,"43":0,"44":0,"45":0,"46":0,"47":1,"48":0,"49":0,"50":0,"51":0,"52":0,"53":0,"54":0,"55":0},"b":{"1":[0,0,0],"2":[0,0],"3":[0,0],"4":[0,0],"5":[0,0],"6":[0,0]},"f":{"1":0,"2":0,"3":0,"4":0,"5":0,"6":0,"7":0,"8":0,"9":0,"10":0,"11":0,"12":0,"13":0,"14":0,"15":0,"16":0,"17":0,"18":0,"19":0},"fnMap":{"1":{"name":"(anonymous_1)","line":1,"loc":{"start":{"line":1,"column":44},"end":{"line":1,"column":60}}},"2":{"name":"__","line":3,"loc":{"start":{"line":3,"column":4},"end":{"line":3,"column":18}}},"3":{"name":"(anonymous_3)","line":7,"loc":{"start":{"line":7,"column":1},"end":{"line":7,"column":27}}},"4":{"name":"(anonymous_4)","line":8,"loc":{"start":{"line":8,"column":19},"end":{"line":8,"column":31}}},"5":{"name":"Command","line":9,"loc":{"start":{"line":9,"column":8},"end":{"line":9,"column":27}}},"6":{"name":"(anonymous_6)","line":11,"loc":{"start":{"line":11,"column":36},"end":{"line":11,"column":48}}},"7":{"name":"(anonymous_7)","line":17,"loc":{"start":{"line":17,"column":28},"end":{"line":17,"column":46}}},"8":{"name":"ConcreteCommand1","line":19,"loc":{"start":{"line":19,"column":8},"end":{"line":19,"column":44}}},"9":{"name":"(anonymous_9)","line":24,"loc":{"start":{"line":24,"column":45},"end":{"line":24,"column":57}}},"10":{"name":"(anonymous_10)","line":31,"loc":{"start":{"line":31,"column":28},"end":{"line":31,"column":46}}},"11":{"name":"ConcreteCommand2","line":33,"loc":{"start":{"line":33,"column":8},"end":{"line":33,"column":44}}},"12":{"name":"(anonymous_12)","line":38,"loc":{"start":{"line":38,"column":45},"end":{"line":38,"column":57}}},"13":{"name":"(anonymous_13)","line":45,"loc":{"start":{"line":45,"column":19},"end":{"line":45,"column":31}}},"14":{"name":"Invoker","line":46,"loc":{"start":{"line":46,"column":8},"end":{"line":46,"column":27}}},"15":{"name":"(anonymous_15)","line":49,"loc":{"start":{"line":49,"column":44},"end":{"line":49,"column":59}}},"16":{"name":"(anonymous_16)","line":56,"loc":{"start":{"line":56,"column":20},"end":{"line":56,"column":32}}},"17":{"name":"Receiver","line":57,"loc":{"start":{"line":57,"column":8},"end":{"line":57,"column":28}}},"18":{"name":"(anonymous_18)","line":59,"loc":{"start":{"line":59,"column":36},"end":{"line":59,"column":48}}},"19":{"name":"main","line":66,"loc":{"start":{"line":66,"column":1},"end":{"line":66,"column":17}}}},"statementMap":{"1":{"start":{"line":1,"column":0},"end":{"line":5,"column":2}},"2":{"start":{"line":2,"column":4},"end":{"line":2,"column":58}},"3":{"start":{"line":2,"column":21},"end":{"line":2,"column":58}},"4":{"start":{"line":2,"column":46},"end":{"line":2,"column":58}},"5":{"start":{"line":3,"column":4},"end":{"line":3,"column":43}},"6":{"start":{"line":3,"column":20},"end":{"line":3,"column":41}},"7":{"start":{"line":4,"column":4},"end":{"line":4,"column":89}},"8":{"start":{"line":6,"column":0},"end":{"line":6,"column":19}},"9":{"start":{"line":7,"column":0},"end":{"line":65,"column":44}},"10":{"start":{"line":8,"column":4},"end":{"line":15,"column":9}},"11":{"start":{"line":9,"column":8},"end":{"line":10,"column":9}},"12":{"start":{"line":11,"column":8},"end":{"line":13,"column":10}},"13":{"start":{"line":12,"column":12},"end":{"line":12,"column":48}},"14":{"start":{"line":14,"column":8},"end":{"line":14,"column":23}},"15":{"start":{"line":16,"column":4},"end":{"line":16,"column":37}},"16":{"start":{"line":17,"column":4},"end":{"line":29,"column":16}},"17":{"start":{"line":18,"column":8},"end":{"line":18,"column":44}},"18":{"start":{"line":19,"column":8},"end":{"line":23,"column":9}},"19":{"start":{"line":20,"column":12},"end":{"line":20,"column":50}},"20":{"start":{"line":21,"column":12},"end":{"line":21,"column":38}},"21":{"start":{"line":22,"column":12},"end":{"line":22,"column":25}},"22":{"start":{"line":24,"column":8},"end":{"line":27,"column":10}},"23":{"start":{"line":25,"column":12},"end":{"line":25,"column":81}},"24":{"start":{"line":26,"column":12},"end":{"line":26,"column":35}},"25":{"start":{"line":28,"column":8},"end":{"line":28,"column":32}},"26":{"start":{"line":30,"column":4},"end":{"line":30,"column":55}},"27":{"start":{"line":31,"column":4},"end":{"line":43,"column":16}},"28":{"start":{"line":32,"column":8},"end":{"line":32,"column":44}},"29":{"start":{"line":33,"column":8},"end":{"line":37,"column":9}},"30":{"start":{"line":34,"column":12},"end":{"line":34,"column":50}},"31":{"start":{"line":35,"column":12},"end":{"line":35,"column":38}},"32":{"start":{"line":36,"column":12},"end":{"line":36,"column":25}},"33":{"start":{"line":38,"column":8},"end":{"line":41,"column":10}},"34":{"start":{"line":39,"column":12},"end":{"line":39,"column":81}},"35":{"start":{"line":40,"column":12},"end":{"line":40,"column":35}},"36":{"start":{"line":42,"column":8},"end":{"line":42,"column":32}},"37":{"start":{"line":44,"column":4},"end":{"line":44,"column":55}},"38":{"start":{"line":45,"column":4},"end":{"line":54,"column":9}},"39":{"start":{"line":46,"column":8},"end":{"line":48,"column":9}},"40":{"start":{"line":47,"column":12},"end":{"line":47,"column":31}},"41":{"start":{"line":49,"column":8},"end":{"line":52,"column":10}},"42":{"start":{"line":50,"column":12},"end":{"line":50,"column":36}},"43":{"start":{"line":51,"column":12},"end":{"line":51,"column":26}},"44":{"start":{"line":53,"column":8},"end":{"line":53,"column":23}},"45":{"start":{"line":55,"column":4},"end":{"line":55,"column":37}},"46":{"start":{"line":56,"column":4},"end":{"line":63,"column":9}},"47":{"start":{"line":57,"column":8},"end":{"line":58,"column":9}},"48":{"start":{"line":59,"column":8},"end":{"line":61,"column":10}},"49":{"start":{"line":60,"column":12},"end":{"line":60,"column":51}},"50":{"start":{"line":62,"column":8},"end":{"line":62,"column":24}},"51":{"start":{"line":64,"column":4},"end":{"line":64,"column":39}},"52":{"start":{"line":66,"column":0},"end":{"line":70,"column":5}},"53":{"start":{"line":67,"column":4},"end":{"line":67,"column":205}},"54":{"start":{"line":68,"column":4},"end":{"line":68,"column":38}},"55":{"start":{"line":69,"column":4},"end":{"line":69,"column":38}}},"branchMap":{"1":{"line":1,"type":"binary-expr","locations":[{"start":{"line":1,"column":17},"end":{"line":1,"column":21}},{"start":{"line":1,"column":25},"end":{"line":1,"column":39}},{"start":{"line":1,"column":44},"end":{"line":5,"column":1}}]},"2":{"line":2,"type":"if","locations":[{"start":{"line":2,"column":21},"end":{"line":2,"column":21}},{"start":{"line":2,"column":21},"end":{"line":2,"column":21}}]},"3":{"line":4,"type":"cond-expr","locations":[{"start":{"line":4,"column":31},"end":{"line":4,"column":47}},{"start":{"line":4,"column":51},"end":{"line":4,"column":87}}]},"4":{"line":20,"type":"binary-expr","locations":[{"start":{"line":20,"column":24},"end":{"line":20,"column":41}},{"start":{"line":20,"column":45},"end":{"line":20,"column":49}}]},"5":{"line":34,"type":"binary-expr","locations":[{"start":{"line":34,"column":24},"end":{"line":34,"column":41}},{"start":{"line":34,"column":45},"end":{"line":34,"column":49}}]},"6":{"line":65,"type":"binary-expr","locations":[{"start":{"line":65,"column":3},"end":{"line":65,"column":17}},{"start":{"line":65,"column":22},"end":{"line":65,"column":41}}]}},"l":{"1":0,"2":0,"3":1,"4":0,"6":0,"7":0,"8":0,"9":1,"11":0,"12":0,"14":0,"16":0,"17":0,"18":0,"19":1,"20":0,"21":0,"22":0,"24":0,"25":0,"26":0,"28":0,"30":0,"31":0,"32":0,"33":1,"34":0,"35":0,"36":0,"38":0,"39":0,"40":0,"42":0,"44":0,"45":0,"46":1,"47":0,"49":0,"50":0,"51":0,"53":0,"55":0,"56":0,"57":1,"59":0,"60":0,"62":0,"64":0,"66":0,"67":0,"68":0,"69":0}},
"/Users/jerryorta-dev/Dev/UIUXEngineering/node-typescript-seed/samples/design_patterns_in_typescript/command/demo.js":{"path":"/Users/jerryorta-dev/Dev/UIUXEngineering/node-typescript-seed/samples/design_patterns_in_typescript/command/demo.js","s":{"1":0,"2":0,"3":0,"4":0,"5":1,"6":0,"7":0,"8":0,"9":0},"b":{"1":[0,0],"2":[0,0]},"f":{"1":0,"2":0,"3":0},"fnMap":{"1":{"name":"(anonymous_1)","line":2,"loc":{"start":{"line":2,"column":1},"end":{"line":2,"column":27}}},"2":{"name":"(anonymous_2)","line":4,"loc":{"start":{"line":4,"column":5},"end":{"line":4,"column":21}}},"3":{"name":"show","line":5,"loc":{"start":{"line":5,"column":8},"end":{"line":5,"column":24}}}},"statementMap":{"1":{"start":{"line":1,"column":0},"end":{"line":1,"column":19}},"2":{"start":{"line":2,"column":0},"end":{"line":12,"column":44}},"3":{"start":{"line":3,"column":4},"end":{"line":3,"column":13}},"4":{"start":{"line":4,"column":4},"end":{"line":11,"column":65}},"5":{"start":{"line":5,"column":8},"end":{"line":9,"column":9}},"6":{"start":{"line":6,"column":12},"end":{"line":6,"column":213}},"7":{"start":{"line":7,"column":12},"end":{"line":7,"column":46}},"8":{"start":{"line":8,"column":12},"end":{"line":8,"column":46}},"9":{"start":{"line":10,"column":8},"end":{"line":10,"column":25}}},"branchMap":{"1":{"line":11,"type":"binary-expr","locations":[{"start":{"line":11,"column":14},"end":{"line":11,"column":33}},{"start":{"line":11,"column":38},"end":{"line":11,"column":62}}]},"2":{"line":12,"type":"binary-expr","locations":[{"start":{"line":12,"column":3},"end":{"line":12,"column":17}},{"start":{"line":12,"column":22},"end":{"line":12,"column":41}}]}},"l":{"1":0,"2":0,"3":0,"4":0,"5":1,"6":0,"7":0,"8":0,"10":0}},
"/Users/jerryorta-dev/Dev/UIUXEngineering/node-typescript-seed/samples/design_patterns_in_typescript/composite/composite.js":{"path":"/Users/jerryorta-dev/Dev/UIUXEngineering/node-typescript-seed/samples/design_patterns_in_typescript/composite/composite.js","s":{"1":1,"2":1,"3":1,"4":1,"5":0,"6":0,"7":1,"8":0,"9":0,"10":0,"11":1,"12":0,"13":1,"14":0,"15":0,"16":0,"17":1,"18":1,"19":1,"20":1,"21":0,"22":1,"23":0,"24":1,"25":1},"b":{"1":[0,0],"2":[1,1]},"f":{"1":1,"2":1,"3":0,"4":0,"5":0,"6":0,"7":1,"8":0,"9":0},"fnMap":{"1":{"name":"(anonymous_1)","line":2,"loc":{"start":{"line":2,"column":1},"end":{"line":2,"column":29}}},"2":{"name":"(anonymous_2)","line":3,"loc":{"start":{"line":3,"column":21},"end":{"line":3,"column":33}}},"3":{"name":"Composite","line":4,"loc":{"start":{"line":4,"column":8},"end":{"line":4,"column":30}}},"4":{"name":"(anonymous_4)","line":8,"loc":{"start":{"line":8,"column":40},"end":{"line":8,"column":52}}},"5":{"name":"(anonymous_5)","line":14,"loc":{"start":{"line":14,"column":34},"end":{"line":14,"column":47}}},"6":{"name":"(anonymous_6)","line":17,"loc":{"start":{"line":17,"column":37},"end":{"line":17,"column":50}}},"7":{"name":"(anonymous_7)","line":26,"loc":{"start":{"line":26,"column":16},"end":{"line":26,"column":28}}},"8":{"name":"Leaf","line":27,"loc":{"start":{"line":27,"column":8},"end":{"line":27,"column":25}}},"9":{"name":"(anonymous_9)","line":30,"loc":{"start":{"line":30,"column":35},"end":{"line":30,"column":47}}}},"statementMap":{"1":{"start":{"line":1,"column":0},"end":{"line":1,"column":21}},"2":{"start":{"line":2,"column":0},"end":{"line":36,"column":48}},"3":{"start":{"line":3,"column":4},"end":{"line":24,"column":9}},"4":{"start":{"line":4,"column":8},"end":{"line":7,"column":9}},"5":{"start":{"line":5,"column":12},"end":{"line":5,"column":27}},"6":{"start":{"line":6,"column":12},"end":{"line":6,"column":23}},"7":{"start":{"line":8,"column":8},"end":{"line":13,"column":10}},"8":{"start":{"line":9,"column":12},"end":{"line":9,"column":51}},"9":{"start":{"line":10,"column":12},"end":{"line":12,"column":13}},"10":{"start":{"line":11,"column":16},"end":{"line":11,"column":41}},"11":{"start":{"line":14,"column":8},"end":{"line":16,"column":10}},"12":{"start":{"line":15,"column":12},"end":{"line":15,"column":30}},"13":{"start":{"line":17,"column":8},"end":{"line":22,"column":10}},"14":{"start":{"line":18,"column":12},"end":{"line":20,"column":13}},"15":{"start":{"line":19,"column":16},"end":{"line":19,"column":55}},"16":{"start":{"line":21,"column":12},"end":{"line":21,"column":35}},"17":{"start":{"line":23,"column":8},"end":{"line":23,"column":25}},"18":{"start":{"line":25,"column":4},"end":{"line":25,"column":43}},"19":{"start":{"line":26,"column":4},"end":{"line":34,"column":9}},"20":{"start":{"line":27,"column":8},"end":{"line":29,"column":9}},"21":{"start":{"line":28,"column":12},"end":{"line":28,"column":23}},"22":{"start":{"line":30,"column":8},"end":{"line":32,"column":10}},"23":{"start":{"line":31,"column":12},"end":{"line":31,"column":70}},"24":{"start":{"line":33,"column":8},"end":{"line":33,"column":20}},"25":{"start":{"line":35,"column":4},"end":{"line":35,"column":33}}},"branchMap":{"1":{"line":18,"type":"if","locations":[{"start":{"line":18,"column":12},"end":{"line":18,"column":12}},{"start":{"line":18,"column":12},"end":{"line":18,"column":12}}]},"2":{"line":36,"type":"binary-expr","locations":[{"start":{"line":36,"column":3},"end":{"line":36,"column":19}},{"start":{"line":36,"column":24},"end":{"line":36,"column":45}}]}},"l":{"1":1,"2":1,"3":1,"4":1,"5":0,"6":0,"8":1,"9":0,"10":0,"11":0,"14":1,"15":0,"17":1,"18":0,"19":0,"21":0,"23":1,"25":1,"26":1,"27":1,"28":0,"30":1,"31":0,"33":1,"35":1}},
"/Users/jerryorta-dev/Dev/UIUXEngineering/node-typescript-seed/samples/design_patterns_in_typescript/composite/demo.js":{"path":"/Users/jerryorta-dev/Dev/UIUXEngineering/node-typescript-seed/samples/design_patterns_in_typescript/composite/demo.js","s":{"1":0,"2":0,"3":0,"4":0,"5":1,"6":0,"7":0,"8":0,"9":0,"10":0,"11":0,"12":0,"13":0,"14":0,"15":0},"b":{"1":[0,0],"2":[0,0]},"f":{"1":0,"2":0,"3":0},"fnMap":{"1":{"name":"(anonymous_1)","line":2,"loc":{"start":{"line":2,"column":1},"end":{"line":2,"column":29}}},"2":{"name":"(anonymous_2)","line":4,"loc":{"start":{"line":4,"column":5},"end":{"line":4,"column":21}}},"3":{"name":"show","line":5,"loc":{"start":{"line":5,"column":8},"end":{"line":5,"column":24}}}},"statementMap":{"1":{"start":{"line":1,"column":0},"end":{"line":1,"column":21}},"2":{"start":{"line":2,"column":0},"end":{"line":18,"column":48}},"3":{"start":{"line":3,"column":4},"end":{"line":3,"column":13}},"4":{"start":{"line":4,"column":4},"end":{"line":17,"column":69}},"5":{"start":{"line":5,"column":8},"end":{"line":15,"column":9}},"6":{"start":{"line":6,"column":12},"end":{"line":6,"column":243}},"7":{"start":{"line":7,"column":12},"end":{"line":7,"column":34}},"8":{"start":{"line":8,"column":12},"end":{"line":8,"column":34}},"9":{"start":{"line":9,"column":12},"end":{"line":9,"column":34}},"10":{"start":{"line":10,"column":12},"end":{"line":10,"column":33}},"11":{"start":{"line":11,"column":12},"end":{"line":11,"column":34}},"12":{"start":{"line":12,"column":12},"end":{"line":12,"column":34}},"13":{"start":{"line":13,"column":12},"end":{"line":13,"column":35}},"14":{"start":{"line":14,"column":12},"end":{"line":14,"column":35}},"15":{"start":{"line":16,"column":8},"end":{"line":16,"column":25}}},"branchMap":{"1":{"line":17,"type":"binary-expr","locations":[{"start":{"line":17,"column":14},"end":{"line":17,"column":35}},{"start":{"line":17,"column":40},"end":{"line":17,"column":66}}]},"2":{"line":18,"type":"binary-expr","locations":[{"start":{"line":18,"column":3},"end":{"line":18,"column":19}},{"start":{"line":18,"column":24},"end":{"line":18,"column":45}}]}},"l":{"1":0,"2":0,"3":0,"4":0,"5":1,"6":0,"7":0,"8":0,"9":0,"10":0,"11":0,"12":0,"13":0,"14":0,"16":0}},
"/Users/jerryorta-dev/Dev/UIUXEngineering/node-typescript-seed/samples/design_patterns_in_typescript/decorator/decorator.js":{"path":"/Users/jerryorta-dev/Dev/UIUXEngineering/node-typescript-seed/samples/design_patterns_in_typescript/decorator/decorator.js","s":{"1":0,"2":0,"3":0,"4":0,"5":1,"6":0,"7":0,"8":0,"9":0,"10":0,"11":1,"12":0,"13":0,"14":0,"15":0,"16":0,"17":0,"18":1,"19":0,"20":0,"21":0,"22":0,"23":0,"24":0,"25":0,"26":0,"27":0,"28":0,"29":0,"30":1,"31":0,"32":0,"33":0,"34":0,"35":0,"36":0},"b":{"1":[0,0,0],"2":[0,0],"3":[0,0],"4":[0,0],"5":[0,0]},"f":{"1":0,"2":0,"3":0,"4":0,"5":0,"6":0,"7":0,"8":0,"9":0,"10":0,"11":0,"12":0,"13":0},"fnMap":{"1":{"name":"(anonymous_1)","line":1,"loc":{"start":{"line":1,"column":44},"end":{"line":1,"column":60}}},"2":{"name":"__","line":3,"loc":{"start":{"line":3,"column":4},"end":{"line":3,"column":18}}},"3":{"name":"(anonymous_3)","line":7,"loc":{"start":{"line":7,"column":1},"end":{"line":7,"column":29}}},"4":{"name":"(anonymous_4)","line":8,"loc":{"start":{"line":8,"column":29},"end":{"line":8,"column":41}}},"5":{"name":"ConcreteComponent","line":9,"loc":{"start":{"line":9,"column":8},"end":{"line":9,"column":38}}},"6":{"name":"(anonymous_6)","line":12,"loc":{"start":{"line":12,"column":48},"end":{"line":12,"column":60}}},"7":{"name":"(anonymous_7)","line":18,"loc":{"start":{"line":18,"column":21},"end":{"line":18,"column":33}}},"8":{"name":"Decorator","line":19,"loc":{"start":{"line":19,"column":8},"end":{"line":19,"column":42}}},"9":{"name":"(anonymous_9)","line":24,"loc":{"start":{"line":24,"column":17},"end":{"line":24,"column":29}}},"10":{"name":"(anonymous_10)","line":30,"loc":{"start":{"line":30,"column":40},"end":{"line":30,"column":52}}},"11":{"name":"(anonymous_11)","line":37,"loc":{"start":{"line":37,"column":29},"end":{"line":37,"column":47}}},"12":{"name":"ConcreteDecorator","line":39,"loc":{"start":{"line":39,"column":8},"end":{"line":39,"column":50}}},"13":{"name":"(anonymous_13)","line":42,"loc":{"start":{"line":42,"column":48},"end":{"line":42,"column":60}}}},"statementMap":{"1":{"start":{"line":1,"column":0},"end":{"line":5,"column":2}},"2":{"start":{"line":2,"column":4},"end":{"line":2,"column":58}},"3":{"start":{"line":2,"column":21},"end":{"line":2,"column":58}},"4":{"start":{"line":2,"column":46},"end":{"line":2,"column":58}},"5":{"start":{"line":3,"column":4},"end":{"line":3,"column":43}},"6":{"start":{"line":3,"column":20},"end":{"line":3,"column":41}},"7":{"start":{"line":4,"column":4},"end":{"line":4,"column":89}},"8":{"start":{"line":6,"column":0},"end":{"line":6,"column":21}},"9":{"start":{"line":7,"column":0},"end":{"line":49,"column":48}},"10":{"start":{"line":8,"column":4},"end":{"line":16,"column":9}},"11":{"start":{"line":9,"column":8},"end":{"line":11,"column":9}},"12":{"start":{"line":10,"column":12},"end":{"line":10,"column":23}},"13":{"start":{"line":12,"column":8},"end":{"line":14,"column":10}},"14":{"start":{"line":13,"column":12},"end":{"line":13,"column":89}},"15":{"start":{"line":15,"column":8},"end":{"line":15,"column":33}},"16":{"start":{"line":17,"column":4},"end":{"line":17,"column":59}},"17":{"start":{"line":18,"column":4},"end":{"line":35,"column":9}},"18":{"start":{"line":19,"column":8},"end":{"line":22,"column":9}},"19":{"start":{"line":20,"column":12},"end":{"line":20,"column":25}},"20":{"start":{"line":21,"column":12},"end":{"line":21,"column":39}},"21":{"start":{"line":23,"column":8},"end":{"line":29,"column":11}},"22":{"start":{"line":25,"column":16},"end":{"line":25,"column":31}},"23":{"start":{"line":30,"column":8},"end":{"line":33,"column":10}},"24":{"start":{"line":31,"column":12},"end":{"line":31,"column":82}},"25":{"start":{"line":32,"column":12},"end":{"line":32,"column":39}},"26":{"start":{"line":34,"column":8},"end":{"line":34,"column":25}},"27":{"start":{"line":36,"column":4},"end":{"line":36,"column":43}},"28":{"start":{"line":37,"column":4},"end":{"line":47,"column":18}},"29":{"start":{"line":38,"column":8},"end":{"line":38,"column":45}},"30":{"start":{"line":39,"column":8},"end":{"line":41,"column":9}},"31":{"start":{"line":40,"column":12},"end":{"line":40,"column":60}},"32":{"start":{"line":42,"column":8},"end":{"line":45,"column":10}},"33":{"start":{"line":43,"column":12},"end":{"line":43,"column":50}},"34":{"start":{"line":44,"column":12},"end":{"line":44,"column":90}},"35":{"start":{"line":46,"column":8},"end":{"line":46,"column":33}},"36":{"start":{"line":48,"column":4},"end":{"line":48,"column":59}}},"branchMap":{"1":{"line":1,"type":"binary-expr","locations":[{"start":{"line":1,"column":17},"end":{"line":1,"column":21}},{"start":{"line":1,"column":25},"end":{"line":1,"column":39}},{"start":{"line":1,"column":44},"end":{"line":5,"column":1}}]},"2":{"line":2,"type":"if","locations":[{"start":{"line":2,"column":21},"end":{"line":2,"column":21}},{"start":{"line":2,"column":21},"end":{"line":2,"column":21}}]},"3":{"line":4,"type":"cond-expr","locations":[{"start":{"line":4,"column":31},"end":{"line":4,"column":47}},{"start":{"line":4,"column":51},"end":{"line":4,"column":87}}]},"4":{"line":40,"type":"binary-expr","locations":[{"start":{"line":40,"column":19},"end":{"line":40,"column":51}},{"start":{"line":40,"column":55},"end":{"line":40,"column":59}}]},"5":{"line":49,"type":"binary-expr","locations":[{"start":{"line":49,"column":3},"end":{"line":49,"column":19}},{"start":{"line":49,"column":24},"end":{"line":49,"column":45}}]}},"l":{"1":0,"2":0,"3":1,"4":0,"6":0,"7":0,"8":0,"9":1,"10":0,"12":0,"13":0,"15":0,"17":0,"18":0,"19":1,"20":0,"21":0,"23":0,"25":0,"30":0,"31":0,"32":0,"34":0,"36":0,"37":0,"38":0,"39":1,"40":0,"42":0,"43":0,"44":0,"46":0,"48":0}},
"/Users/jerryorta-dev/Dev/UIUXEngineering/node-typescript-seed/samples/design_patterns_in_typescript/decorator/demo.js":{"path":"/Users/jerryorta-dev/Dev/UIUXEngineering/node-typescript-seed/samples/design_patterns_in_typescript/decorator/demo.js","s":{"1":0,"2":0,"3":0,"4":0,"5":1,"6":0,"7":0,"8":0},"b":{"1":[0,0],"2":[0,0]},"f":{"1":0,"2":0,"3":0},"fnMap":{"1":{"name":"(anonymous_1)","line":2,"loc":{"start":{"line":2,"column":1},"end":{"line":2,"column":29}}},"2":{"name":"(anonymous_2)","line":4,"loc":{"start":{"line":4,"column":5},"end":{"line":4,"column":21}}},"3":{"name":"show","line":5,"loc":{"start":{"line":5,"column":8},"end":{"line":5,"column":24}}}},"statementMap":{"1":{"start":{"line":1,"column":0},"end":{"line":1,"column":21}},"2":{"start":{"line":2,"column":0},"end":{"line":11,"column":48}},"3":{"start":{"line":3,"column":4},"end":{"line":3,"column":13}},"4":{"start":{"line":4,"column":4},"end":{"line":10,"column":69}},"5":{"start":{"line":5,"column":8},"end":{"line":8,"column":9}},"6":{"start":{"line":6,"column":12},"end":{"line":6,"column":120}},"7":{"start":{"line":7,"column":12},"end":{"line":7,"column":35}},"8":{"start":{"line":9,"column":8},"end":{"line":9,"column":25}}},"branchMap":{"1":{"line":10,"type":"binary-expr","locations":[{"start":{"line":10,"column":14},"end":{"line":10,"column":35}},{"start":{"line":10,"column":40},"end":{"line":10,"column":66}}]},"2":{"line":11,"type":"binary-expr","locations":[{"start":{"line":11,"column":3},"end":{"line":11,"column":19}},{"start":{"line":11,"column":24},"end":{"line":11,"column":45}}]}},"l":{"1":0,"2":0,"3":0,"4":0,"5":1,"6":0,"7":0,"9":0}},
"/Users/jerryorta-dev/Dev/UIUXEngineering/node-typescript-seed/samples/design_patterns_in_typescript/facade/demo.js":{"path":"/Users/jerryorta-dev/Dev/UIUXEngineering/node-typescript-seed/samples/design_patterns_in_typescript/facade/demo.js","s":{"1":0,"2":0,"3":0,"4":0,"5":1,"6":0,"7":0,"8":0,"9":0},"b":{"1":[0,0],"2":[0,0]},"f":{"1":0,"2":0,"3":0},"fnMap":{"1":{"name":"(anonymous_1)","line":2,"loc":{"start":{"line":2,"column":1},"end":{"line":2,"column":26}}},"2":{"name":"(anonymous_2)","line":4,"loc":{"start":{"line":4,"column":5},"end":{"line":4,"column":21}}},"3":{"name":"show","line":5,"loc":{"start":{"line":5,"column":8},"end":{"line":5,"column":24}}}},"statementMap":{"1":{"start":{"line":1,"column":0},"end":{"line":1,"column":18}},"2":{"start":{"line":2,"column":0},"end":{"line":12,"column":42}},"3":{"start":{"line":3,"column":4},"end":{"line":3,"column":13}},"4":{"start":{"line":4,"column":4},"end":{"line":11,"column":63}},"5":{"start":{"line":5,"column":8},"end":{"line":9,"column":9}},"6":{"start":{"line":6,"column":12},"end":{"line":6,"column":52}},"7":{"start":{"line":7,"column":12},"end":{"line":7,"column":32}},"8":{"start":{"line":8,"column":12},"end":{"line":8,"column":32}},"9":{"start":{"line":10,"column":8},"end":{"line":10,"column":25}}},"branchMap":{"1":{"line":11,"type":"binary-expr","locations":[{"start":{"line":11,"column":14},"end":{"line":11,"column":32}},{"start":{"line":11,"column":37},"end":{"line":11,"column":60}}]},"2":{"line":12,"type":"binary-expr","locations":[{"start":{"line":12,"column":3},"end":{"line":12,"column":16}},{"start":{"line":12,"column":21},"end":{"line":12,"column":39}}]}},"l":{"1":0,"2":0,"3":0,"4":0,"5":1,"6":0,"7":0,"8":0,"10":0}},
"/Users/jerryorta-dev/Dev/UIUXEngineering/node-typescript-seed/samples/design_patterns_in_typescript/facade/facade.js":{"path":"/Users/jerryorta-dev/Dev/UIUXEngineering/node-typescript-seed/samples/design_patterns_in_typescript/facade/facade.js","s":{"1":1,"2":1,"3":1,"4":1,"5":1,"6":0,"7":1,"8":1,"9":1,"10":1,"11":1,"12":0,"13":1,"14":1,"15":1,"16":1,"17":1,"18":0,"19":1,"20":1,"21":1,"22":1,"23":0,"24":0,"25":0,"26":1,"27":0,"28":0,"29":0,"30":0,"31":1,"32":0,"33":0,"34":0,"35":0,"36":1,"37":1},"b":{"1":[1,1]},"f":{"1":1,"2":1,"3":0,"4":0,"5":1,"6":0,"7":0,"8":1,"9":0,"10":0,"11":1,"12":0,"13":0,"14":0},"fnMap":{"1":{"name":"(anonymous_1)","line":2,"loc":{"start":{"line":2,"column":1},"end":{"line":2,"column":26}}},"2":{"name":"(anonymous_2)","line":3,"loc":{"start":{"line":3,"column":17},"end":{"line":3,"column":29}}},"3":{"name":"Part1","line":4,"loc":{"start":{"line":4,"column":8},"end":{"line":4,"column":25}}},"4":{"name":"(anonymous_4)","line":6,"loc":{"start":{"line":6,"column":34},"end":{"line":6,"column":46}}},"5":{"name":"(anonymous_5)","line":12,"loc":{"start":{"line":12,"column":17},"end":{"line":12,"column":29}}},"6":{"name":"Part2","line":13,"loc":{"start":{"line":13,"column":8},"end":{"line":13,"column":25}}},"7":{"name":"(anonymous_7)","line":15,"loc":{"start":{"line":15,"column":34},"end":{"line":15,"column":46}}},"8":{"name":"(anonymous_8)","line":21,"loc":{"start":{"line":21,"column":17},"end":{"line":21,"column":29}}},"9":{"name":"Part3","line":22,"loc":{"start":{"line":22,"column":8},"end":{"line":22,"column":25}}},"10":{"name":"(anonymous_10)","line":24,"loc":{"start":{"line":24,"column":34},"end":{"line":24,"column":46}}},"11":{"name":"(anonymous_11)","line":30,"loc":{"start":{"line":30,"column":18},"end":{"line":30,"column":30}}},"12":{"name":"Facade","line":31,"loc":{"start":{"line":31,"column":8},"end":{"line":31,"column":26}}},"13":{"name":"(anonymous_13)","line":36,"loc":{"start":{"line":36,"column":38},"end":{"line":36,"column":50}}},"14":{"name":"(anonymous_14)","line":42,"loc":{"start":{"line":42,"column":38},"end":{"line":42,"column":50}}}},"statementMap":{"1":{"start":{"line":1,"column":0},"end":{"line":1,"column":18}},"2":{"start":{"line":2,"column":0},"end":{"line":51,"column":42}},"3":{"start":{"line":3,"column":4},"end":{"line":10,"column":9}},"4":{"start":{"line":4,"column":8},"end":{"line":5,"column":9}},"5":{"start":{"line":6,"column":8},"end":{"line":8,"column":10}},"6":{"start":{"line":7,"column":12},"end":{"line":7,"column":46}},"7":{"start":{"line":9,"column":8},"end":{"line":9,"column":21}},"8":{"start":{"line":11,"column":4},"end":{"line":11,"column":32}},"9":{"start":{"line":12,"column":4},"end":{"line":19,"column":9}},"10":{"start":{"line":13,"column":8},"end":{"line":14,"column":9}},"11":{"start":{"line":15,"column":8},"end":{"line":17,"column":10}},"12":{"start":{"line":16,"column":12},"end":{"line":16,"column":46}},"13":{"start":{"line":18,"column":8},"end":{"line":18,"column":21}},"14":{"start":{"line":20,"column":4},"end":{"line":20,"column":32}},"15":{"start":{"line":21,"column":4},"end":{"line":28,"column":9}},"16":{"start":{"line":22,"column":8},"end":{"line":23,"column":9}},"17":{"start":{"line":24,"column":8},"end":{"line":26,"column":10}},"18":{"start":{"line":25,"column":12},"end":{"line":25,"column":46}},"19":{"start":{"line":27,"column":8},"end":{"line":27,"column":21}},"20":{"start":{"line":29,"column":4},"end":{"line":29,"column":32}},"21":{"start":{"line":30,"column":4},"end":{"line":49,"column":9}},"22":{"start":{"line":31,"column":8},"end":{"line":35,"column":9}},"23":{"start":{"line":32,"column":12},"end":{"line":32,"column":37}},"24":{"start":{"line":33,"column":12},"end":{"line":33,"column":37}},"25":{"start":{"line":34,"column":12},"end":{"line":34,"column":37}},"26":{"start":{"line":36,"column":8},"end":{"line":41,"column":10}},"27":{"start":{"line":37,"column":12},"end":{"line":37,"column":54}},"28":{"start":{"line":38,"column":12},"end":{"line":38,"column":33}},"29":{"start":{"line":39,"column":12},"end":{"line":39,"column":33}},"30":{"start":{"line":40,"column":12},"end":{"line":40,"column":54}},"31":{"start":{"line":42,"column":8},"end":{"line":47,"column":10}},"32":{"start":{"line":43,"column":12},"end":{"line":43,"column":54}},"33":{"start":{"line":44,"column":12},"end":{"line":44,"column":33}},"34":{"start":{"line":45,"column":12},"end":{"line":45,"column":33}},"35":{"start":{"line":46,"column":12},"end":{"line":46,"column":54}},"36":{"start":{"line":48,"column":8},"end":{"line":48,"column":22}},"37":{"start":{"line":50,"column":4},"end":{"line":50,"column":34}}},"branchMap":{"1":{"line":51,"type":"binary-expr","locations":[{"start":{"line":51,"column":3},"end":{"line":51,"column":16}},{"start":{"line":51,"column":21},"end":{"line":51,"column":39}}]}},"l":{"1":1,"2":1,"3":1,"4":1,"6":1,"7":0,"9":1,"11":1,"12":1,"13":1,"15":1,"16":0,"18":1,"20":1,"21":1,"22":1,"24":1,"25":0,"27":1,"29":1,"30":1,"31":1,"32":0,"33":0,"34":0,"36":1,"37":0,"38":0,"39":0,"40":0,"42":1,"43":0,"44":0,"45":0,"46":0,"48":1,"50":1}},
[...]
d.js","s":{"1":0,"2":0,"3":0,"4":0,"5":1,"6":0,"7":0,"8":0,"9":0,"10":0,"11":1,"12":0,"13":0,"14":0,"15":0,"16":0,"17":0,"18":0,"19":0,"20":0,"21":0,"22":0,"23":0,"24":0,"25":0,"26":0,"27":1,"28":0,"29":0,"30":0,"31":0,"32":0,"33":0,"34":0,"35":0,"36":0,"37":0,"38":0,"39":1,"40":0,"41":0,"42":0,"43":0,"44":0,"45":0,"46":0,"47":0,"48":0},"b":{"1":[0,0,0],"2":[0,0],"3":[0,0],"4":[0,0],"5":[0,0],"6":[0,0]},"f":{"1":0,"2":0,"3":0,"4":0,"5":0,"6":0,"7":0,"8":0,"9":0,"10":0,"11":0,"12":0,"13":0,"14":0,"15":0,"16":0,"17":0,"18":0,"19":0},"fnMap":{"1":{"name":"(anonymous_1)","line":1,"loc":{"start":{"line":1,"column":44},"end":{"line":1,"column":60}}},"2":{"name":"__","line":3,"loc":{"start":{"line":3,"column":4},"end":{"line":3,"column":18}}},"3":{"name":"(anonymous_3)","line":7,"loc":{"start":{"line":7,"column":1},"end":{"line":7,"column":34}}},"4":{"name":"(anonymous_4)","line":8,"loc":{"start":{"line":8,"column":25},"end":{"line":8,"column":37}}},"5":{"name":"AbstractClass","line":9,"loc":{"start":{"line":9,"column":8},"end":{"line":9,"column":33}}},"6":{"name":"(anonymous_6)","line":11,"loc":{"start":{"line":11,"column":42},"end":{"line":11,"column":54}}},"7":{"name":"(anonymous_7)","line":14,"loc":{"start":{"line":14,"column":42},"end":{"line":14,"column":54}}},"8":{"name":"(anonymous_8)","line":17,"loc":{"start":{"line":17,"column":42},"end":{"line":17,"column":54}}},"9":{"name":"(anonymous_9)","line":20,"loc":{"start":{"line":20,"column":49},"end":{"line":20,"column":61}}},"10":{"name":"(anonymous_10)","line":29,"loc":{"start":{"line":29,"column":26},"end":{"line":29,"column":44}}},"11":{"name":"ConcreteClass1","line":31,"loc":{"start":{"line":31,"column":8},"end":{"line":31,"column":34}}},"12":{"name":"(anonymous_12)","line":34,"loc":{"start":{"line":34,"column":43},"end":{"line":34,"column":55}}},"13":{"name":"(anonymous_13)","line":37,"loc":{"start":{"line":37,"column":43},"end":{"line":37,"column":55}}},"14":{"name":"(anonymous_14)","line":40,"loc":{"start":{"line":40,"column":43},"end":{"line":40,"column":55}}},"15":{"name":"(anonymous_15)","line":46,"loc":{"start":{"line":46,"column":26},"end":{"line":46,"column":44}}},"16":{"name":"ConcreteClass2","line":48,"loc":{"start":{"line":48,"column":8},"end":{"line":48,"column":34}}},"17":{"name":"(anonymous_17)","line":51,"loc":{"start":{"line":51,"column":43},"end":{"line":51,"column":55}}},"18":{"name":"(anonymous_18)","line":54,"loc":{"start":{"line":54,"column":43},"end":{"line":54,"column":55}}},"19":{"name":"(anonymous_19)","line":57,"loc":{"start":{"line":57,"column":43},"end":{"line":57,"column":55}}}},"statementMap":{"1":{"start":{"line":1,"column":0},"end":{"line":5,"column":2}},"2":{"start":{"line":2,"column":4},"end":{"line":2,"column":58}},"3":{"start":{"line":2,"column":21},"end":{"line":2,"column":58}},"4":{"start":{"line":2,"column":46},"end":{"line":2,"column":58}},"5":{"start":{"line":3,"column":4},"end":{"line":3,"column":43}},"6":{"start":{"line":3,"column":20},"end":{"line":3,"column":41}},"7":{"start":{"line":4,"column":4},"end":{"line":4,"column":89}},"8":{"start":{"line":6,"column":0},"end":{"line":6,"column":26}},"9":{"start":{"line":7,"column":0},"end":{"line":63,"column":58}},"10":{"start":{"line":8,"column":4},"end":{"line":27,"column":9}},"11":{"start":{"line":9,"column":8},"end":{"line":10,"column":9}},"12":{"start":{"line":11,"column":8},"end":{"line":13,"column":10}},"13":{"start":{"line":12,"column":12},"end":{"line":12,"column":47}},"14":{"start":{"line":14,"column":8},"end":{"line":16,"column":10}},"15":{"start":{"line":15,"column":12},"end":{"line":15,"column":47}},"16":{"start":{"line":17,"column":8},"end":{"line":19,"column":10}},"17":{"start":{"line":18,"column":12},"end":{"line":18,"column":47}},"18":{"start":{"line":20,"column":8},"end":{"line":25,"column":10}},"19":{"start":{"line":21,"column":12},"end":{"line":21,"column":58}},"20":{"start":{"line":22,"column":12},"end":{"line":22,"column":27}},"21":{"start":{"line":23,"column":12},"end":{"line":23,"column":27}},"22":{"start":{"line":24,"column":12},"end":{"line":24,"column":27}},"23":{"start":{"line":26,"column":8},"end":{"line":26,"column":29}},"24":{"start":{"line":28,"column":4},"end":{"line":28,"column":56}},"25":{"start":{"line":29,"column":4},"end":{"line":44,"column":22}},"26":{"start":{"line":30,"column":8},"end":{"line":30,"column":42}},"27":{"start":{"line":31,"column":8},"end":{"line":33,"column":9}},"28":{"start":{"line":32,"column":12},"end":{"line":32,"column":57}},"29":{"start":{"line":34,"column":8},"end":{"line":36,"column":10}},"30":{"start":{"line":35,"column":12},"end":{"line":35,"column":53}},"31":{"start":{"line":37,"column":8},"end":{"line":39,"column":10}},"32":{"start":{"line":38,"column":12},"end":{"line":38,"column":53}},"33":{"start":{"line":40,"column":8},"end":{"line":42,"column":10}},"34":{"start":{"line":41,"column":12},"end":{"line":41,"column":53}},"35":{"start":{"line":43,"column":8},"end":{"line":43,"column":30}},"36":{"start":{"line":45,"column":4},"end":{"line":45,"column":58}},"37":{"start":{"line":46,"column":4},"end":{"line":61,"column":22}},"38":{"start":{"line":47,"column":8},"end":{"line":47,"column":42}},"39":{"start":{"line":48,"column":8},"end":{"line":50,"column":9}},"40":{"start":{"line":49,"column":12},"end":{"line":49,"column":57}},"41":{"start":{"line":51,"column":8},"end":{"line":53,"column":10}},"42":{"start":{"line":52,"column":12},"end":{"line":52,"column":53}},"43":{"start":{"line":54,"column":8},"end":{"line":56,"column":10}},"44":{"start":{"line":55,"column":12},"end":{"line":55,"column":53}},"45":{"start":{"line":57,"column":8},"end":{"line":59,"column":10}},"46":{"start":{"line":58,"column":12},"end":{"line":58,"column":53}},"47":{"start":{"line":60,"column":8},"end":{"line":60,"column":30}},"48":{"start":{"line":62,"column":4},"end":{"line":62,"column":58}}},"branchMap":{"1":{"line":1,"type":"binary-expr","locations":[{"start":{"line":1,"column":17},"end":{"line":1,"column":21}},{"start":{"line":1,"column":25},"end":{"line":1,"column":39}},{"start":{"line":1,"column":44},"end":{"line":5,"column":1}}]},"2":{"line":2,"type":"if","locations":[{"start":{"line":2,"column":21},"end":{"line":2,"column":21}},{"start":{"line":2,"column":21},"end":{"line":2,"column":21}}]},"3":{"line":4,"type":"cond-expr","locations":[{"start":{"line":4,"column":31},"end":{"line":4,"column":47}},{"start":{"line":4,"column":51},"end":{"line":4,"column":87}}]},"4":{"line":32,"type":"binary-expr","locations":[{"start":{"line":32,"column":19},"end":{"line":32,"column":48}},{"start":{"line":32,"column":52},"end":{"line":32,"column":56}}]},"5":{"line":49,"type":"binary-expr","locations":[{"start":{"line":49,"column":19},"end":{"line":49,"column":48}},{"start":{"line":49,"column":52},"end":{"line":49,"column":56}}]},"6":{"line":63,"type":"binary-expr","locations":[{"start":{"line":63,"column":3},"end":{"line":63,"column":24}},{"start":{"line":63,"column":29},"end":{"line":63,"column":55}}]}},"l":{"1":0,"2":0,"3":1,"4":0,"6":0,"7":0,"8":0,"9":1,"11":0,"12":0,"14":0,"15":0,"17":0,"18":0,"20":0,"21":0,"22":0,"23":0,"24":0,"26":0,"28":0,"29":0,"30":0,"31":1,"32":0,"34":0,"35":0,"37":0,"38":0,"40":0,"41":0,"43":0,"45":0,"46":0,"47":0,"48":1,"49":0,"51":0,"52":0,"54":0,"55":0,"57":0,"58":0,"60":0,"62":0}},
"/Users/jerryorta-dev/Dev/UIUXEngineering/node-typescript-seed/samples/design_patterns_in_typescript/visitor/demo.js":{"path":"/Users/jerryorta-dev/Dev/UIUXEngineering/node-typescript-seed/samples/design_patterns_in_typescript/visitor/demo.js","s":{"1":0,"2":0,"3":0,"4":0,"5":1,"6":0,"7":0,"8":0,"9":0,"10":0,"11":0,"12":0},"b":{"1":[0,0],"2":[0,0]},"f":{"1":0,"2":0,"3":0},"fnMap":{"1":{"name":"(anonymous_1)","line":2,"loc":{"start":{"line":2,"column":1},"end":{"line":2,"column":27}}},"2":{"name":"(anonymous_2)","line":4,"loc":{"start":{"line":4,"column":5},"end":{"line":4,"column":21}}},"3":{"name":"show","line":5,"loc":{"start":{"line":5,"column":8},"end":{"line":5,"column":24}}}},"statementMap":{"1":{"start":{"line":1,"column":0},"end":{"line":1,"column":19}},"2":{"start":{"line":2,"column":0},"end":{"line":15,"column":44}},"3":{"start":{"line":3,"column":4},"end":{"line":3,"column":13}},"4":{"start":{"line":4,"column":4},"end":{"line":14,"column":65}},"5":{"start":{"line":5,"column":8},"end":{"line":12,"column":9}},"6":{"start":{"line":6,"column":12},"end":{"line":6,"column":49}},"7":{"start":{"line":7,"column":12},"end":{"line":7,"column":63}},"8":{"start":{"line":8,"column":12},"end":{"line":8,"column":63}},"9":{"start":{"line":9,"column":12},"end":{"line":9,"column":103}},"10":{"start":{"line":10,"column":12},"end":{"line":10,"column":29}},"11":{"start":{"line":11,"column":12},"end":{"line":11,"column":29}},"12":{"start":{"line":13,"column":8},"end":{"line":13,"column":25}}},"branchMap":{"1":{"line":14,"type":"binary-expr","locations":[{"start":{"line":14,"column":14},"end":{"line":14,"column":33}},{"start":{"line":14,"column":38},"end":{"line":14,"column":62}}]},"2":{"line":15,"type":"binary-expr","locations":[{"start":{"line":15,"column":3},"end":{"line":15,"column":17}},{"start":{"line":15,"column":22},"end":{"line":15,"column":41}}]}},"l":{"1":0,"2":0,"3":0,"4":0,"5":1,"6":0,"7":0,"8":0,"9":0,"10":0,"11":0,"13":0}},
"/Users/jerryorta-dev/Dev/UIUXEngineering/node-typescript-seed/samples/design_patterns_in_typescript/visitor/visitor.js":{"path":"/Users/jerryorta-dev/Dev/UIUXEngineering/node-typescript-seed/samples/design_patterns_in_typescript/visitor/visitor.js","s":{"1":0,"2":0,"3":0,"4":1,"5":0,"6":0,"7":0,"8":0,"9":0,"10":0,"11":0,"12":1,"13":0,"14":0,"15":0,"16":0,"17":0,"18":0,"19":0,"20":1,"21":0,"22":0,"23":0,"24":0,"25":0,"26":0,"27":1,"28":0,"29":0,"30":0,"31":0,"32":0,"33":0,"34":1,"35":0,"36":0,"37":0,"38":0,"39":0,"40":0,"41":0,"42":0,"43":0,"44":0,"45":0,"46":0},"b":{"1":[0,0]},"f":{"1":0,"2":0,"3":0,"4":0,"5":0,"6":0,"7":0,"8":0,"9":0,"10":0,"11":0,"12":0,"13":0,"14":0,"15":0,"16":0,"17":0,"18":0,"19":0,"20":0},"fnMap":{"1":{"name":"(anonymous_1)","line":2,"loc":{"start":{"line":2,"column":1},"end":{"line":2,"column":27}}},"2":{"name":"(anonymous_2)","line":3,"loc":{"start":{"line":3,"column":28},"end":{"line":3,"column":40}}},"3":{"name":"ConcreteVisitor1","line":4,"loc":{"start":{"line":4,"column":8},"end":{"line":4,"column":36}}},"4":{"name":"(anonymous_4)","line":6,"loc":{"start":{"line":6,"column":59},"end":{"line":6,"column":87}}},"5":{"name":"(anonymous_5)","line":9,"loc":{"start":{"line":9,"column":59},"end":{"line":9,"column":87}}},"6":{"name":"(anonymous_6)","line":15,"loc":{"start":{"line":15,"column":28},"end":{"line":15,"column":40}}},"7":{"name":"ConcreteVisitor2","line":16,"loc":{"start":{"line":16,"column":8},"end":{"line":16,"column":36}}},"8":{"name":"(anonymous_8)","line":18,"loc":{"start":{"line":18,"column":59},"end":{"line":18,"column":87}}},"9":{"name":"(anonymous_9)","line":21,"loc":{"start":{"line":21,"column":59},"end":{"line":21,"column":87}}},"10":{"name":"(anonymous_10)","line":27,"loc":{"start":{"line":27,"column":28},"end":{"line":27,"column":40}}},"11":{"name":"ConcreteElement1","line":28,"loc":{"start":{"line":28,"column":8},"end":{"line":28,"column":36}}},"12":{"name":"(anonymous_12)","line":30,"loc":{"start":{"line":30,"column":45},"end":{"line":30,"column":64}}},"13":{"name":"(anonymous_13)","line":37,"loc":{"start":{"line":37,"column":28},"end":{"line":37,"column":40}}},"14":{"name":"ConcreteElement2","line":38,"loc":{"start":{"line":38,"column":8},"end":{"line":38,"column":36}}},"15":{"name":"(anonymous_15)","line":40,"loc":{"start":{"line":40,"column":45},"end":{"line":40,"column":64}}},"16":{"name":"(anonymous_16)","line":47,"loc":{"start":{"line":47,"column":16},"end":{"line":47,"column":28}}},"17":{"name":"Objs","line":48,"loc":{"start":{"line":48,"column":8},"end":{"line":48,"column":24}}},"18":{"name":"(anonymous_18)","line":51,"loc":{"start":{"line":51,"column":32},"end":{"line":51,"column":45}}},"19":{"name":"(anonymous_19)","line":54,"loc":{"start":{"line":54,"column":32},"end":{"line":54,"column":45}}},"20":{"name":"(anonymous_20)","line":58,"loc":{"start":{"line":58,"column":33},"end":{"line":58,"column":52}}}},"statementMap":{"1":{"start":{"line":1,"column":0},"end":{"line":1,"column":19}},"2":{"start":{"line":2,"column":0},"end":{"line":67,"column":44}},"3":{"start":{"line":3,"column":4},"end":{"line":13,"column":9}},"4":{"start":{"line":4,"column":8},"end":{"line":5,"column":9}},"5":{"start":{"line":6,"column":8},"end":{"line":8,"column":10}},"6":{"start":{"line":7,"column":12},"end":{"line":7,"column":88}},"7":{"start":{"line":9,"column":8},"end":{"line":11,"column":10}},"8":{"start":{"line":10,"column":12},"end":{"line":10,"column":88}},"9":{"start":{"line":12,"column":8},"end":{"line":12,"column":32}},"10":{"start":{"line":14,"column":4},"end":{"line":14,"column":55}},"11":{"start":{"line":15,"column":4},"end":{"line":25,"column":9}},"12":{"start":{"line":16,"column":8},"end":{"line":17,"column":9}},"13":{"start":{"line":18,"column":8},"end":{"line":20,"column":10}},"14":{"start":{"line":19,"column":12},"end":{"line":19,"column":88}},"15":{"start":{"line":21,"column":8},"end":{"line":23,"column":10}},"16":{"start":{"line":22,"column":12},"end":{"line":22,"column":88}},"17":{"start":{"line":24,"column":8},"end":{"line":24,"column":32}},"18":{"start":{"line":26,"column":4},"end":{"line":26,"column":55}},"19":{"start":{"line":27,"column":4},"end":{"line":35,"column":9}},"20":{"start":{"line":28,"column":8},"end":{"line":29,"column":9}},"21":{"start":{"line":30,"column":8},"end":{"line":33,"column":10}},"22":{"start":{"line":31,"column":12},"end":{"line":31,"column":74}},"23":{"start":{"line":32,"column":12},"end":{"line":32,"column":48}},"24":{"start":{"line":34,"column":8},"end":{"line":34,"column":32}},"25":{"start":{"line":36,"column":4},"end":{"line":36,"column":55}},"26":{"start":{"line":37,"column":4},"end":{"line":45,"column":9}},"27":{"start":{"line":38,"column":8},"end":{"line":39,"column":9}},"28":{"start":{"line":40,"column":8},"end":{"line":43,"column":10}},"29":{"start":{"line":41,"column":12},"end":{"line":41,"column":74}},"30":{"start":{"line":42,"column":12},"end":{"line":42,"column":48}},"31":{"start":{"line":44,"column":8},"end":{"line":44,"column":32}},"32":{"start":{"line":46,"column":4},"end":{"line":46,"column":55}},"33":{"start":{"line":47,"column":4},"end":{"line":65,"column":9}},"34":{"start":{"line":48,"column":8},"end":{"line":50,"column":9}},"35":{"start":{"line":49,"column":12},"end":{"line":49,"column":31}},"36":{"start":{"line":51,"column":8},"end":{"line":53,"column":10}},"37":{"start":{"line":52,"column":12},"end":{"line":52,"column":34}},"38":{"start":{"line":54,"column":8},"end":{"line":57,"column":10}},"39":{"start":{"line":55,"column":12},"end":{"line":55,"column":49}},"40":{"start":{"line":56,"column":12},"end":{"line":56,"column":43}},"41":{"start":{"line":58,"column":8},"end":{"line":63,"column":10}},"42":{"start":{"line":59,"column":12},"end":{"line":59,"column":50}},"43":{"start":{"line":60,"column":12},"end":{"line":62,"column":13}},"44":{"start":{"line":61,"column":16},"end":{"line":61,"column":50}},"45":{"start":{"line":64,"column":8},"end":{"line":64,"column":20}},"46":{"start":{"line":66,"column":4},"end":{"line":66,"column":31}}},"branchMap":{"1":{"line":67,"type":"binary-expr","locations":[{"start":{"line":67,"column":3},"end":{"line":67,"column":17}},{"start":{"line":67,"column":22},"end":{"line":67,"column":41}}]}},"l":{"1":0,"2":0,"3":0,"4":1,"6":0,"7":0,"9":0,"10":0,"12":0,"14":0,"15":0,"16":1,"18":0,"19":0,"21":0,"22":0,"24":0,"26":0,"27":0,"28":1,"30":0,"31":0,"32":0,"34":0,"36":0,"37":0,"38":1,"40":0,"41":0,"42":0,"44":0,"46":0,"47":0,"48":1,"49":0,"51":0,"52":0,"54":0,"55":0,"56":0,"58":0,"59":0,"60":0,"61":0,"64":0,"66":0}},
"/Users/jerryorta-dev/Dev/UIUXEngineering/node-typescript-seed/samples/design_patterns_in_typescript/singleton/src/demo.js":{"path":"/Users/jerryorta-dev/Dev/UIUXEngineering/node-typescript-seed/samples/design_patterns_in_typescript/singleton/src/demo.js","s":{"1":0,"2":0,"3":0,"4":0,"5":1,"6":0,"7":0,"8":0,"9":0,"10":0,"11":0},"b":{"1":[0,0],"2":[0,0],"3":[0,0]},"f":{"1":0,"2":0,"3":0},"fnMap":{"1":{"name":"(anonymous_1)","line":2,"loc":{"start":{"line":2,"column":1},"end":{"line":2,"column":29}}},"2":{"name":"(anonymous_2)","line":4,"loc":{"start":{"line":4,"column":5},"end":{"line":4,"column":21}}},"3":{"name":"show","line":5,"loc":{"start":{"line":5,"column":8},"end":{"line":5,"column":24}}}},"statementMap":{"1":{"start":{"line":1,"column":0},"end":{"line":1,"column":21}},"2":{"start":{"line":2,"column":0},"end":{"line":17,"column":48}},"3":{"start":{"line":3,"column":4},"end":{"line":3,"column":13}},"4":{"start":{"line":4,"column":4},"end":{"line":16,"column":69}},"5":{"start":{"line":5,"column":8},"end":{"line":14,"column":9}},"6":{"start":{"line":6,"column":12},"end":{"line":6,"column":65}},"7":{"start":{"line":7,"column":12},"end":{"line":7,"column":65}},"8":{"start":{"line":8,"column":12},"end":{"line":13,"column":13}},"9":{"start":{"line":9,"column":16},"end":{"line":9,"column":61}},"10":{"start":{"line":12,"column":16},"end":{"line":12,"column":65}},"11":{"start":{"line":15,"column":8},"end":{"line":15,"column":25}}},"branchMap":{"1":{"line":8,"type":"if","locations":[{"start":{"line":8,"column":12},"end":{"line":8,"column":12}},{"start":{"line":8,"column":12},"end":{"line":8,"column":12}}]},"2":{"line":16,"type":"binary-expr","locations":[{"start":{"line":16,"column":14},"end":{"line":16,"column":35}},{"start":{"line":16,"column":40},"end":{"line":16,"column":66}}]},"3":{"line":17,"type":"binary-expr","locations":[{"start":{"line":17,"column":3},"end":{"line":17,"column":19}},{"start":{"line":17,"column":24},"end":{"line":17,"column":45}}]}},"l":{"1":0,"2":0,"3":0,"4":0,"5":1,"6":0,"7":0,"8":0,"9":0,"12":0,"15":0}},
"/Users/jerryorta-dev/Dev/UIUXEngineering/node-typescript-seed/samples/design_patterns_in_typescript/singleton/src/singleton.js":{"path":"/Users/jerryorta-dev/Dev/UIUXEngineering/node-typescript-seed/samples/design_patterns_in_typescript/singleton/src/singleton.js","s":{"1":0,"2":0,"3":0,"4":1,"5":0,"6":0,"7":0,"8":0,"9":0,"10":0},"b":{"1":[0,0],"2":[0,0],"3":[0,0]},"f":{"1":0,"2":0,"3":0,"4":0},"fnMap":{"1":{"name":"(anonymous_1)","line":2,"loc":{"start":{"line":2,"column":1},"end":{"line":2,"column":29}}},"2":{"name":"(anonymous_2)","line":3,"loc":{"start":{"line":3,"column":21},"end":{"line":3,"column":33}}},"3":{"name":"Singleton","line":4,"loc":{"start":{"line":4,"column":8},"end":{"line":4,"column":29}}},"4":{"name":"(anonymous_4)","line":7,"loc":{"start":{"line":7,"column":17},"end":{"line":7,"column":29}}}},"statementMap":{"1":{"start":{"line":1,"column":0},"end":{"line":1,"column":21}},"2":{"start":{"line":2,"column":0},"end":{"line":19,"column":48}},"3":{"start":{"line":3,"column":4},"end":{"line":17,"column":9}},"4":{"start":{"line":4,"column":8},"end":{"line":5,"column":9}},"5":{"start":{"line":6,"column":8},"end":{"line":15,"column":11}},"6":{"start":{"line":8,"column":16},"end":{"line":10,"column":17}},"7":{"start":{"line":9,"column":20},"end":{"line":9,"column":52}},"8":{"start":{"line":11,"column":16},"end":{"line":11,"column":37}},"9":{"start":{"line":16,"column":8},"end":{"line":16,"column":25}},"10":{"start":{"line":18,"column":4},"end":{"line":18,"column":43}}},"branchMap":{"1":{"line":8,"type":"if","locations":[{"start":{"line":8,"column":16},"end":{"line":8,"column":16}},{"start":{"line":8,"column":16},"end":{"line":8,"column":16}}]},"2":{"line":8,"type":"binary-expr","locations":[{"start":{"line":8,"column":20},"end":{"line":8,"column":42}},{"start":{"line":8,"column":46},"end":{"line":8,"column":73}}]},"3":{"line":19,"type":"binary-expr","locations":[{"start":{"line":19,"column":3},"end":{"line":19,"column":19}},{"start":{"line":19,"column":24},"end":{"line":19,"column":45}}]}},"l":{"1":0,"2":0,"3":0,"4":1,"6":0,"8":0,"9":0,"11":0,"16":0,"18":0}}}
