{
"/Users/jerryorta-dev/Dev/UIUXEngineering/node-typescript-seed/src/app.js":{"path":"/Users/jerryorta-dev/Dev/UIUXEngineering/node-typescript-seed/src/app.js","s":{"1":1,"2":1,"3":1,"4":0,"5":0,"6":1,"7":0,"8":0,"9":1,"10":0,"11":1,"12":1,"13":1,"14":0,"15":1},"b":{},"f":{"1":1,"2":0,"3":0,"4":0,"5":0,"6":0},"fnMap":{"1":{"name":"(anonymous_1)","line":3,"loc":{"start":{"line":3,"column":12},"end":{"line":3,"column":24}}},"2":{"name":"Demo","line":4,"loc":{"start":{"line":4,"column":4},"end":{"line":4,"column":23}}},"3":{"name":"(anonymous_3)","line":9,"loc":{"start":{"line":9,"column":13},"end":{"line":9,"column":25}}},"4":{"name":"(anonymous_4)","line":12,"loc":{"start":{"line":12,"column":13},"end":{"line":12,"column":29}}},"5":{"name":"(anonymous_5)","line":19,"loc":{"start":{"line":19,"column":13},"end":{"line":19,"column":25}}},"6":{"name":"create","line":28,"loc":{"start":{"line":28,"column":0},"end":{"line":28,"column":18}}}},"statementMap":{"1":{"start":{"line":2,"column":0},"end":{"line":2,"column":33}},"2":{"start":{"line":3,"column":0},"end":{"line":26,"column":5}},"3":{"start":{"line":4,"column":4},"end":{"line":7,"column":5}},"4":{"start":{"line":5,"column":8},"end":{"line":5,"column":28}},"5":{"start":{"line":6,"column":8},"end":{"line":6,"column":30}},"6":{"start":{"line":8,"column":4},"end":{"line":17,"column":7}},"7":{"start":{"line":10,"column":12},"end":{"line":10,"column":30}},"8":{"start":{"line":13,"column":12},"end":{"line":13,"column":30}},"9":{"start":{"line":18,"column":4},"end":{"line":24,"column":7}},"10":{"start":{"line":20,"column":12},"end":{"line":20,"column":29}},"11":{"start":{"line":25,"column":4},"end":{"line":25,"column":16}},"12":{"start":{"line":27,"column":0},"end":{"line":27,"column":20}},"13":{"start":{"line":28,"column":0},"end":{"line":30,"column":1}},"14":{"start":{"line":29,"column":4},"end":{"line":29,"column":31}},"15":{"start":{"line":31,"column":0},"end":{"line":31,"column":24}}},"branchMap":{},"l":{"2":1,"3":1,"4":1,"5":0,"6":0,"8":1,"10":0,"13":0,"18":1,"20":0,"25":1,"27":1,"28":1,"29":0,"31":1}},
"/Users/jerryorta-dev/Dev/UIUXEngineering/node-typescript-seed/src/dep/foo.js":{"path":"/Users/jerryorta-dev/Dev/UIUXEngineering/node-typescript-seed/src/dep/foo.js","s":{"1":1,"2":1,"3":0,"4":1,"5":0,"6":0,"7":1,"8":1},"b":{},"f":{"1":1,"2":0,"3":0,"4":0},"fnMap":{"1":{"name":"(anonymous_1)","line":2,"loc":{"start":{"line":2,"column":11},"end":{"line":2,"column":23}}},"2":{"name":"FOO","line":3,"loc":{"start":{"line":3,"column":4},"end":{"line":3,"column":19}}},"3":{"name":"(anonymous_3)","line":7,"loc":{"start":{"line":7,"column":13},"end":{"line":7,"column":25}}},"4":{"name":"(anonymous_4)","line":10,"loc":{"start":{"line":10,"column":13},"end":{"line":10,"column":29}}}},"statementMap":{"1":{"start":{"line":2,"column":0},"end":{"line":17,"column":5}},"2":{"start":{"line":3,"column":4},"end":{"line":5,"column":5}},"3":{"start":{"line":4,"column":8},"end":{"line":4,"column":27}},"4":{"start":{"line":6,"column":4},"end":{"line":15,"column":7}},"5":{"start":{"line":8,"column":12},"end":{"line":8,"column":30}},"6":{"start":{"line":11,"column":12},"end":{"line":11,"column":30}},"7":{"start":{"line":16,"column":4},"end":{"line":16,"column":15}},"8":{"start":{"line":18,"column":0},"end":{"line":18,"column":18}}},"branchMap":{},"l":{"2":1,"3":1,"4":0,"6":1,"8":0,"11":0,"16":1,"18":1}},
"/Users/jerryorta-dev/Dev/UIUXEngineering/node-typescript-seed/src/jasmineExamples/Player.js":{"path":"/Users/jerryorta-dev/Dev/UIUXEngineering/node-typescript-seed/src/jasmineExamples/Player.js","s":{"1":1,"2":1,"3":1,"4":5,"5":5,"6":1,"7":2,"8":1,"9":2,"10":1,"11":1,"12":1,"13":1,"14":1,"15":1},"b":{"1":[1,1]},"f":{"1":1,"2":5,"3":5,"4":2,"5":2,"6":1},"fnMap":{"1":{"name":"(anonymous_1)","line":2,"loc":{"start":{"line":2,"column":14},"end":{"line":2,"column":26}}},"2":{"name":"Player","line":3,"loc":{"start":{"line":3,"column":4},"end":{"line":3,"column":22}}},"3":{"name":"(anonymous_3)","line":5,"loc":{"start":{"line":5,"column":28},"end":{"line":5,"column":44}}},"4":{"name":"(anonymous_4)","line":9,"loc":{"start":{"line":9,"column":29},"end":{"line":9,"column":41}}},"5":{"name":"(anonymous_5)","line":12,"loc":{"start":{"line":12,"column":30},"end":{"line":12,"column":42}}},"6":{"name":"(anonymous_6)","line":18,"loc":{"start":{"line":18,"column":36},"end":{"line":18,"column":48}}}},"statementMap":{"1":{"start":{"line":2,"column":0},"end":{"line":22,"column":5}},"2":{"start":{"line":3,"column":4},"end":{"line":4,"column":5}},"3":{"start":{"line":5,"column":4},"end":{"line":8,"column":6}},"4":{"start":{"line":6,"column":8},"end":{"line":6,"column":41}},"5":{"start":{"line":7,"column":8},"end":{"line":7,"column":30}},"6":{"start":{"line":9,"column":4},"end":{"line":11,"column":6}},"7":{"start":{"line":10,"column":8},"end":{"line":10,"column":31}},"8":{"start":{"line":12,"column":4},"end":{"line":17,"column":6}},"9":{"start":{"line":13,"column":8},"end":{"line":15,"column":9}},"10":{"start":{"line":14,"column":12},"end":{"line":14,"column":55}},"11":{"start":{"line":16,"column":8},"end":{"line":16,"column":30}},"12":{"start":{"line":18,"column":4},"end":{"line":20,"column":6}},"13":{"start":{"line":19,"column":8},"end":{"line":19,"column":62}},"14":{"start":{"line":21,"column":4},"end":{"line":21,"column":18}},"15":{"start":{"line":23,"column":0},"end":{"line":23,"column":24}}},"branchMap":{"1":{"line":13,"type":"if","locations":[{"start":{"line":13,"column":8},"end":{"line":13,"column":8}},{"start":{"line":13,"column":8},"end":{"line":13,"column":8}}]}},"l":{"2":1,"3":1,"5":1,"6":5,"7":5,"9":1,"10":2,"12":1,"13":2,"14":1,"16":1,"18":1,"19":1,"21":1,"23":1}},
"/Users/jerryorta-dev/Dev/UIUXEngineering/node-typescript-seed/src/jasmineExamples/Song.js":{"path":"/Users/jerryorta-dev/Dev/UIUXEngineering/node-typescript-seed/src/jasmineExamples/Song.js","s":{"1":1,"2":1,"3":1,"4":0,"5":1,"6":1},"b":{},"f":{"1":1,"2":5,"3":0},"fnMap":{"1":{"name":"(anonymous_1)","line":2,"loc":{"start":{"line":2,"column":12},"end":{"line":2,"column":24}}},"2":{"name":"Song","line":3,"loc":{"start":{"line":3,"column":4},"end":{"line":3,"column":20}}},"3":{"name":"(anonymous_3)","line":5,"loc":{"start":{"line":5,"column":43},"end":{"line":5,"column":55}}}},"statementMap":{"1":{"start":{"line":2,"column":0},"end":{"line":9,"column":5}},"2":{"start":{"line":3,"column":4},"end":{"line":4,"column":5}},"3":{"start":{"line":5,"column":4},"end":{"line":7,"column":6}},"4":{"start":{"line":6,"column":8},"end":{"line":6,"column":47}},"5":{"start":{"line":8,"column":4},"end":{"line":8,"column":16}},"6":{"start":{"line":10,"column":0},"end":{"line":10,"column":20}}},"branchMap":{},"l":{"2":1,"3":1,"5":1,"6":0,"8":1,"10":1}}}
