{
"/Users/jerryorta-dev/Dev/UIUXEngineering/node-typescript-seed/src/app.js":{"path":"/Users/jerryorta-dev/Dev/UIUXEngineering/node-typescript-seed/src/app.js","s":{"1":1,"2":1,"3":1,"4":0,"5":0,"6":1,"7":0,"8":0,"9":1,"10":0,"11":1,"12":1,"13":1,"14":0,"15":1},"b":{},"f":{"1":1,"2":0,"3":0,"4":0,"5":0,"6":0},"fnMap":{"1":{"name":"(anonymous_1)","line":3,"loc":{"start":{"line":3,"column":12},"end":{"line":3,"column":24}}},"2":{"name":"Demo","line":4,"loc":{"start":{"line":4,"column":4},"end":{"line":4,"column":23}}},"3":{"name":"(anonymous_3)","line":9,"loc":{"start":{"line":9,"column":13},"end":{"line":9,"column":25}}},"4":{"name":"(anonymous_4)","line":12,"loc":{"start":{"line":12,"column":13},"end":{"line":12,"column":29}}},"5":{"name":"(anonymous_5)","line":19,"loc":{"start":{"line":19,"column":13},"end":{"line":19,"column":25}}},"6":{"name":"create","line":28,"loc":{"start":{"line":28,"column":0},"end":{"line":28,"column":18}}}},"statementMap":{"1":{"start":{"line":2,"column":0},"end":{"line":2,"column":33}},"2":{"start":{"line":3,"column":0},"end":{"line":26,"column":5}},"3":{"start":{"line":4,"column":4},"end":{"line":7,"column":5}},"4":{"start":{"line":5,"column":8},"end":{"line":5,"column":28}},"5":{"start":{"line":6,"column":8},"end":{"line":6,"column":30}},"6":{"start":{"line":8,"column":4},"end":{"line":17,"column":7}},"7":{"start":{"line":10,"column":12},"end":{"line":10,"column":30}},"8":{"start":{"line":13,"column":12},"end":{"line":13,"column":30}},"9":{"start":{"line":18,"column":4},"end":{"line":24,"column":7}},"10":{"start":{"line":20,"column":12},"end":{"line":20,"column":29}},"11":{"start":{"line":25,"column":4},"end":{"line":25,"column":16}},"12":{"start":{"line":27,"column":0},"end":{"line":27,"column":20}},"13":{"start":{"line":28,"column":0},"end":{"line":30,"column":1}},"14":{"start":{"line":29,"column":4},"end":{"line":29,"column":31}},"15":{"start":{"line":31,"column":0},"end":{"line":31,"column":24}}},"branchMap":{},"l":{"2":1,"3":1,"4":1,"5":0,"6":0,"8":1,"10":0,"13":0,"18":1,"20":0,"25":1,"27":1,"28":1,"29":0,"31":1}},
"/Users/jerryorta-dev/Dev/UIUXEngineering/node-typescript-seed/src/dep/foo.js":{"path":"/Users/jerryorta-dev/Dev/UIUXEngineering/node-typescript-seed/src/dep/foo.js","s":{"1":1,"2":1,"3":0,"4":1,"5":0,"6":0,"7":1,"8":1},"b":{},"f":{"1":1,"2":0,"3":0,"4":0},"fnMap":{"1":{"name":"(anonymous_1)","line":2,"loc":{"start":{"line":2,"column":11},"end":{"line":2,"column":23}}},"2":{"name":"FOO","line":3,"loc":{"start":{"line":3,"column":4},"end":{"line":3,"column":19}}},"3":{"name":"(anonymous_3)","line":7,"loc":{"start":{"line":7,"column":13},"end":{"line":7,"column":25}}},"4":{"name":"(anonymous_4)","line":10,"loc":{"start":{"line":10,"column":13},"end":{"line":10,"column":29}}}},"statementMap":{"1":{"start":{"line":2,"column":0},"end":{"line":17,"column":5}},"2":{"start":{"line":3,"column":4},"end":{"line":5,"column":5}},"3":{"start":{"line":4,"column":8},"end":{"line":4,"column":27}},"4":{"start":{"line":6,"column":4},"end":{"line":15,"column":7}},"5":{"start":{"line":8,"column":12},"end":{"line":8,"column":30}},"6":{"start":{"line":11,"column":12},"end":{"line":11,"column":30}},"7":{"start":{"line":16,"column":4},"end":{"line":16,"column":15}},"8":{"start":{"line":18,"column":0},"end":{"line":18,"column":18}}},"branchMap":{},"l":{"2":1,"3":1,"4":0,"6":1,"8":0,"11":0,"16":1,"18":1}},
"/Users/jerryorta-dev/Dev/UIUXEngineering/node-typescript-seed/src/jasmineExamples/Player.js":{"path":"/Users/jerryorta-dev/Dev/UIUXEngineering/node-typescript-seed/src/jasmineExamples/Player.js","s":{"1":1,"2":1,"3":5,"4":5,"5":1,"6":2,"7":1,"8":2,"9":1,"10":1,"11":1,"12":1,"13":1},"b":{"1":[1,1]},"f":{"1":5,"2":5,"3":2,"4":2,"5":1},"fnMap":{"1":{"name":"Player","line":1,"loc":{"start":{"line":1,"column":0},"end":{"line":1,"column":18}}},"2":{"name":"(anonymous_2)","line":3,"loc":{"start":{"line":3,"column":24},"end":{"line":3,"column":40}}},"3":{"name":"(anonymous_3)","line":7,"loc":{"start":{"line":7,"column":25},"end":{"line":7,"column":37}}},"4":{"name":"(anonymous_4)","line":10,"loc":{"start":{"line":10,"column":26},"end":{"line":10,"column":38}}},"5":{"name":"(anonymous_5)","line":16,"loc":{"start":{"line":16,"column":32},"end":{"line":16,"column":44}}}},"statementMap":{"1":{"start":{"line":1,"column":0},"end":{"line":2,"column":1}},"2":{"start":{"line":3,"column":0},"end":{"line":6,"column":2}},"3":{"start":{"line":4,"column":4},"end":{"line":4,"column":37}},"4":{"start":{"line":5,"column":4},"end":{"line":5,"column":26}},"5":{"start":{"line":7,"column":0},"end":{"line":9,"column":2}},"6":{"start":{"line":8,"column":4},"end":{"line":8,"column":27}},"7":{"start":{"line":10,"column":0},"end":{"line":15,"column":2}},"8":{"start":{"line":11,"column":4},"end":{"line":13,"column":5}},"9":{"start":{"line":12,"column":8},"end":{"line":12,"column":51}},"10":{"start":{"line":14,"column":4},"end":{"line":14,"column":26}},"11":{"start":{"line":16,"column":0},"end":{"line":18,"column":2}},"12":{"start":{"line":17,"column":4},"end":{"line":17,"column":58}},"13":{"start":{"line":19,"column":0},"end":{"line":19,"column":24}}},"branchMap":{"1":{"line":11,"type":"if","locations":[{"start":{"line":11,"column":4},"end":{"line":11,"column":4}},{"start":{"line":11,"column":4},"end":{"line":11,"column":4}}]}},"l":{"1":1,"3":1,"4":5,"5":5,"7":1,"8":2,"10":1,"11":2,"12":1,"14":1,"16":1,"17":1,"19":1}},
"/Users/jerryorta-dev/Dev/UIUXEngineering/node-typescript-seed/src/jasmineExamples/Song.js":{"path":"/Users/jerryorta-dev/Dev/UIUXEngineering/node-typescript-seed/src/jasmineExamples/Song.js","s":{"1":1,"2":1,"3":0,"4":1},"b":{},"f":{"1":5,"2":0},"fnMap":{"1":{"name":"Song","line":1,"loc":{"start":{"line":1,"column":0},"end":{"line":1,"column":16}}},"2":{"name":"(anonymous_2)","line":3,"loc":{"start":{"line":3,"column":39},"end":{"line":3,"column":56}}}},"statementMap":{"1":{"start":{"line":1,"column":0},"end":{"line":2,"column":1}},"2":{"start":{"line":3,"column":0},"end":{"line":5,"column":2}},"3":{"start":{"line":4,"column":4},"end":{"line":4,"column":43}},"4":{"start":{"line":6,"column":0},"end":{"line":6,"column":22}}},"branchMap":{},"l":{"1":1,"3":1,"4":0,"6":1}}}
